#
# A fatal error has been detected by the Java Runtime Environment:
#
#  EXCEPTION_ACCESS_VIOLATION (0xc0000005) at pc=0x00007ffd3ba5e5c6, pid=8724, tid=7064
#
# JRE version: Java(TM) SE Runtime Environment (25.0+37) (build 25+37-LTS-3491)
# Java VM: Java HotSpot(TM) 64-Bit Server VM (25+37-LTS-3491, mixed mode, sharing, tiered, compressed oops, compressed class ptrs, g1 gc, windows-amd64)
# Problematic frame:
# C  [awt.dll+0xde5c6]
#
# No core dump will be written. Minidumps are not enabled by default on client versions of Windows
#
# If you would like to submit a bug report, please visit:
#   https://bugreport.java.com/bugreport/crash.jsp
# The crash happened outside the Java Virtual Machine in native code.
# See problematic frame for where to report the bug.
#

---------------  S U M M A R Y ------------

Command Line: io.qameta.allure.CommandLine serve C:\Selenium demo\capstone_project\target\allure-results

Host: Intel(R) Xeon(R) CPU E5-2696 v4 @ 2.20GHz, 4 cores, 15G,  Windows 10 , 64 bit Build 19041 (10.0.19041.5915)
Time: Fri Nov 28 09:50:02 2025 India Standard Time elapsed time: 1878.495689 seconds (0d 0h 31m 18s)

---------------  T H R E A D  ---------------

Current thread (0x000001d42207f450):  JavaThread "AWT-EventQueue-0"        [_thread_in_native, id=7064, stack(0x000000c882500000,0x000000c882600000) (1024K)]

Stack: [0x000000c882500000,0x000000c882600000],  sp=0x000000c8825ff0e0,  free space=1020k
Native frames: (J=compiled Java code, j=interpreted, Vv=VM code, C=native code)
C  [awt.dll+0xde5c6]  (no source info available)
C  [awt.dll+0xdfeb2]  (no source info available)
C  0x000001d40fcfd193  (no source info available)

The last pc belongs to native method entry point (kind = native) (printed below).
Java frames: (J=compiled Java code, j=interpreted, Vv=VM code)
j  sun.awt.Win32GraphicsDevice.initNativeScale(I)V+0 java.desktop@25
j  sun.awt.Win32GraphicsDevice.initScaleFactors()V+60 java.desktop@25
j  sun.awt.Win32GraphicsDevice.displayChanged()V+16 java.desktop@25
j  sun.awt.Win32GraphicsEnvironment.displayChanged()V+271 java.desktop@25
j  sun.awt.windows.WToolkit.lambda$displayChanged$0()V+15 java.desktop@25
j  sun.awt.windows.WToolkit$$Lambda+0x000000009d2935d0.run()V+0 java.desktop@25
j  java.awt.event.InvocationEvent.dispatch()V+47 java.desktop@25
j  java.awt.EventQueue.dispatchEventImpl(Ljava/awt/AWTEvent;Ljava/lang/Object;)V+21 java.desktop@25
j  java.awt.EventQueue.dispatchEvent(Ljava/awt/AWTEvent;)V+22 java.desktop@25
j  java.awt.EventDispatchThread.pumpOneEventForFilters(I)V+81 java.desktop@25
j  java.awt.EventDispatchThread.pumpEventsForFilter(ILjava/awt/Conditional;Ljava/awt/EventFilter;)V+35 java.desktop@25
j  java.awt.EventDispatchThread.pumpEventsForHierarchy(ILjava/awt/Conditional;Ljava/awt/Component;)V+11 java.desktop@25
j  java.awt.EventDispatchThread.pumpEvents(ILjava/awt/Conditional;)V+4 java.desktop@25
j  java.awt.EventDispatchThread.pumpEvents(Ljava/awt/Conditional;)V+3 java.desktop@25
j  java.awt.EventDispatchThread.run()V+9 java.desktop@25
v  ~StubRoutines::call_stub 0x000001d40fcf12ed

siginfo: EXCEPTION_ACCESS_VIOLATION (0xc0000005), reading address 0x000000bb00000051


Registers:
RAX=0x000000bb00000001, RBX=0x000001d422117a70, RCX=0x000000bb00000001, RDX=0x0000000000000000
RSP=0x000000c8825ff0e0, RBP=0x000000c8825ff1c0, RSI=0x0000000000000001, RDI=0x0000000000000000
R8 =0x0000000000000001, R9 =0x0000000700000940, R10=0x000001d40fcfd233, R11=0x0000000000000100
R12=0x0000000000000000, R13=0x000001d41d9ee1a0, R14=0x000000c8825ff1e8, R15=0x000001d42207f450
RIP=0x00007ffd3ba5e5c6, EFLAGS=0x0000000000010202

XMM[0]=0x0000000000000000 0x0000000000000000
XMM[1]=0x0000000000000000 0x00000000bf800000
XMM[2]=0x0000000000000000 0x0000000000000000
XMM[3]=0x0000000000000000 0x0000000000000000
XMM[4]=0x0000000000000000 0x0000000000000000
XMM[5]=0x0000000000000000 0x0000000000000000
XMM[6]=0x0000000000000000 0x0000000000000000
XMM[7]=0x0000000000000000 0x0000000000000000
XMM[8]=0x0000000000000000 0x0000000000000000
XMM[9]=0x0000000000000000 0x0000000000000000
XMM[10]=0x0000000000000000 0x0000000000000000
XMM[11]=0x0000000000000000 0x0000000000000000
XMM[12]=0x0000000000000000 0x0000000000000000
XMM[13]=0x0000000000000000 0x0000000000000000
XMM[14]=0x0000000000000000 0x0000000000000000
XMM[15]=0x0000000000000000 0x0000000000000000
  MXCSR=0x00001fa0


Register to memory mapping:

RAX=0x000000bb00000001 is an unknown value
RBX=0x000001d422117a70 points into unknown readable memory: 0x000001d4228977b0 | b0 77 89 22 d4 01 00 00
RCX=0x000000bb00000001 is an unknown value
RDX=0x0 is null
RSP=0x000000c8825ff0e0 is pointing into the stack for thread: 0x000001d42207f450
RBP=0x000000c8825ff1c0 is pointing into the stack for thread: 0x000001d42207f450
RSI=0x0000000000000001 is an unknown value
RDI=0x0 is null
R8 =0x0000000000000001 is an unknown value
R9 =0x0000000700000940 is an oop: java.lang.Class 
{0x0000000700000940} - klass: 'java/lang/Class' - flags: 

 - ---- fields (total size 17 words):
 - private volatile transient 'classRedefinedCount' 'I' @12  0 (0x00000000)
 - injected 'klass' 'J' @16  2636735728 (0x000000009d2964f0)
 - injected 'array_klass' 'J' @24  0 (0x0000000000000000)
 - injected 'oop_size' 'I' @32  17 (0x00000011)
 - injected 'static_oop_field_count' 'I' @36  0 (0x00000000)
 - private final transient 'modifiers' 'C' @40    17 (0x0011)
 - private final transient 'primitive' 'Z' @42  false (0x00)
 - private volatile transient 'cachedConstructor' 'Ljava/lang/reflect/Constructor;' @44  null (0x00000000)
 - private transient 'name' 'Ljava/lang/String;' @48  null (0x00000000)
 - private transient 'module' 'Ljava/lang/Module;' @52  a 'java/lang/Module'{0x00000007ffe1fb18} (0xfffc3f63)
 - private final 'classLoader' 'Ljava/lang/ClassLoader;' @56  null (0x00000000)
 - private transient 'classData' 'Ljava/lang/Object;' @60  null (0x00000000)
 - private transient 'signers' '[Ljava/lang/Object;' @64  null (0x00000000)
 - private transient 'packageName' 'Ljava/lang/String;' @68  null (0x00000000)
 - private final transient 'componentType' 'Ljava/lang/Class;' @72  null (0x00000000)
 - private final transient 'protectionDomain' 'Ljava/security/ProtectionDomain;' @76  null (0x00000000)
 - private volatile transient 'reflectionData' 'Ljava/lang/ref/SoftReference;' @80  null (0x00000000)
 - private volatile transient 'genericInfo' 'Lsun/reflect/generics/repository/ClassRepository;' @84  null (0x00000000)
 - private volatile transient 'enumConstants' '[Ljava/lang/Object;' @88  null (0x00000000)
 - private volatile transient 'enumConstantDirectory' 'Ljava/util/Map;' @92  null (0x00000000)
 - private volatile transient 'annotationData' 'Ljava/lang/Class$AnnotationData;' @96  null (0x00000000)
 - private volatile transient 'annotationType' 'Lsun/reflect/annotation/AnnotationType;' @100  null (0x00000000)
 - transient 'classValueMap' 'Ljava/lang/ClassValue$ClassValueMap;' @104  null (0x00000000)
 - injected 'source_file' 'Ljava/lang/Object;' @108  null (0x00000000)
 - injected '<init_lock>' 'Ljava/lang/Object;' @112  null (0x00000000)
 - signature: Lsun/awt/Win32GraphicsEnvironment;
 - ---- static fields (0):
 - static final 'debugScaleX' 'F' @120  -1.000000 (0xbf800000)
 - static final 'debugScaleY' 'F' @124  -1.000000 (0xbf800000)
 - private static volatile 'isDWMCompositionEnabled' 'Z' @128  true (0x01)
 - static final synthetic '$assertionsDisabled' 'Z' @129  true (0x01)
R10=0x000001d40fcfd233 is at code_begin+1139 in an Interpreter codelet
native method entry point (kind = native)  [0x000001d40fcfcdc0, 0x000001d40fcfd8b8]  2808 bytes
R11=0x0000000000000100 is an unknown value
R12=0x0 is null
R13={method} {0x000001d41d9ee1a8} 'initNativeScale' '(I)V' in 'sun/awt/Win32GraphicsDevice'
R14=0x000000c8825ff1e8 is pointing into the stack for thread: 0x000001d42207f450
R15=0x000001d42207f450 is a thread

Top of Stack: (sp=0x000000c8825ff0e0)
0x000000c8825ff0e0:   000001d40fcf8408 0000000000000000   ................
0x000000c8825ff0f0:   000001d422117a70 0000000000000001   pz."............
0x000000c8825ff100:   000001d422117a70 00007ffd3ba5feb2   pz.".......;....
0x000000c8825ff110:   00007ffd3babc838 000001d41d9ee1a0   8..;............
0x000000c8825ff120:   000001d42207f450 00007ffcfd1a0000   P.."............
0x000000c8825ff130:   000001d40fcf8cb2 000001d40fcfd193   ................
0x000000c8825ff140:   000001d41d9ee1a0 00007ffcfd614cf3   .........La.....
0x000000c8825ff150:   000001d41d9f0008 00000000000000b6   ................
0x000000c8825ff160:   00000000000003d8 000001d4203e0a50   ........P.> ....
0x000000c8825ff170:   000001d42207f450 fffffffffffffff7   P.."............
0x000000c8825ff180:   0000000000000000 0000000000000005   ................
0x000000c8825ff190:   000001d41d9f1748 0000000000000000   H...............
0x000000c8825ff1a0:   00000007000016e0 000001d41d9ee1a0   ................
0x000000c8825ff1b0:   0000000000000000 000000c8825ff1e0   .........._.....
0x000000c8825ff1c0:   000000c8825ff238 000001d40fcf8b18   8._.............
0x000000c8825ff1d0:   0000000000000000 000001d40fcfa757   ........W.......
0x000000c8825ff1e0:   0000000000000000 00000007000401e0   ................
0x000000c8825ff1f0:   fffffffffffffff7 000001d41d9ee804   ................
0x000000c8825ff200:   0000000000000002 000001d41d9f1748   ........H.......
0x000000c8825ff210:   0000000000000000 00000007000016e0   ................
0x000000c8825ff220:   000001d41d9ee850 fffffffffffffff5   P...............
0x000000c8825ff230:   000000c8825ff248 000000c8825ff298   H._......._.....
0x000000c8825ff240:   000001d40fcf8b18 00000007000401e0   ................
0x000000c8825ff250:   fffffffffffffff7 000001d41d9effc0   ................
0x000000c8825ff260:   0000000000000003 000001d41d9f1748   ........H.......
0x000000c8825ff270:   0000000000000000 00000007000016e0   ................
0x000000c8825ff280:   000001d41d9f0008 fffffffffffffff6   ................
0x000000c8825ff290:   000000c8825ff2b0 000000c8825ff300   .._......._.....
0x000000c8825ff2a0:   000001d40fcf8b18 0000000000000000   ................
0x000000c8825ff2b0:   00000007000401e0 fffffffffffffff7   ................
0x000000c8825ff2c0:   000001d41d9e03bf 0000000000000008   ................
0x000000c8825ff2d0:   000001d41d9e4600 0000000000000000   .F..............

Instructions: (pc=0x00007ffd3ba5e5c6)
  0x00007ffd3ba5e4c6:   11 45 d4 0f 11 45 e4 0f 11 45 f4 89 45 04 c7 45
  0x00007ffd3ba5e4d6:   a0 68 00 00 00 0f 11 44 24 34 0f 11 44 24 44 0f
  0x00007ffd3ba5e4e6:   11 44 24 54 0f 11 44 24 64 0f 11 44 24 74 0f 11
  0x00007ffd3ba5e4f6:   45 84 89 45 94 c7 44 24 30 68 00 00 00 48 8d 55
  0x00007ffd3ba5e506:   a0 49 8b ce ff 15 78 74 06 00 85 c0 74 41 48 8d
  0x00007ffd3ba5e516:   54 24 30 48 8b ce ff 15 66 74 06 00 85 c0 74 2f
  0x00007ffd3ba5e526:   48 8d 54 24 34 48 8d 4d a4 ff 15 9b 73 06 00 85
  0x00007ffd3ba5e536:   c0 74 1c 48 8d 54 24 44 48 8d 4d b4 ff 15 88 73
  0x00007ffd3ba5e546:   06 00 85 c0 74 09 8b 44 24 54 39 45 c4 74 11 ff
  0x00007ffd3ba5e556:   c7 3b 7b 0c 0f 8c 40 ff ff ff 8b 3d ca ae 06 00
  0x00007ffd3ba5e566:   48 8b cb e8 02 a0 f4 ff 90 8b c7 48 8b 4d 10 48
  0x00007ffd3ba5e576:   33 cc e8 c3 f9 00 00 4c 8d 9c 24 20 01 00 00 49
  0x00007ffd3ba5e586:   8b 5b 28 49 8b 73 30 49 8b e3 41 5e 5f 5d c3 cc
  0x00007ffd3ba5e596:   cc cc cc cc cc cc cc cc cc cc 48 8b 41 08 48 8b
  0x00007ffd3ba5e5a6:   80 18 0c 00 00 c3 cc cc cc cc 48 8b 41 08 48 05
  0x00007ffd3ba5e5b6:   00 04 00 00 c3 cc cc cc cc cc 40 53 48 83 ec 20
=>0x00007ffd3ba5e5c6:   83 79 50 00 48 8b d9 75 56 48 8b 49 28 4c 8d 44
  0x00007ffd3ba5e5d6:   24 38 48 8d 54 24 30 c7 44 24 30 00 00 80 bf c7
  0x00007ffd3ba5e5e6:   44 24 38 00 00 80 bf e8 be d7 00 00 f3 0f 10 54
  0x00007ffd3ba5e5f6:   24 30 0f 57 c0 0f 2f d0 76 25 f3 0f 10 4c 24 38
  0x00007ffd3ba5e606:   0f 2f c8 76 1a f3 0f 5e 15 19 97 02 00 f3 0f 5e
  0x00007ffd3ba5e616:   0d 11 97 02 00 f3 0f 11 53 48 f3 0f 11 4b 4c 48
  0x00007ffd3ba5e626:   83 c4 20 5b c3 cc cc cc cc cc 48 89 5c 24 10 48
  0x00007ffd3ba5e636:   89 74 24 18 48 89 7c 24 20 41 56 48 83 ec 40 48
  0x00007ffd3ba5e646:   8b d9 48 83 79 18 00 75 14 b9 28 04 00 00 e8 87
  0x00007ffd3ba5e656:   8d 00 00 48 89 43 18 c7 00 28 00 00 00 48 8b 43
  0x00007ffd3ba5e666:   18 45 33 f6 66 44 89 70 0e 48 8b 4b 28 e8 68 03
  0x00007ffd3ba5e676:   00 00 48 8b f8 ba 01 00 00 00 44 8b c2 48 8b c8
  0x00007ffd3ba5e686:   ff 15 a4 6f 06 00 48 8b f0 44 89 74 24 30 48 8b
  0x00007ffd3ba5e696:   4b 18 48 89 4c 24 28 4c 89 74 24 20 41 b9 01 00
  0x00007ffd3ba5e6a6:   00 00 45 33 c0 48 8b d0 48 8b cf ff 15 99 6e 06
  0x00007ffd3ba5e6b6:   00 48 8b 53 30 48 8b 0b 83 79 04 08 0f 8e 0f 02


Stack slot to memory mapping:

stack at sp + 0 slots: 0x000001d40fcf8408 is at code_begin+-88 in 
[CodeBlob kind:2 (0x000001d40fcf8408)]
Framesize: 0
BufferBlob (0x000001d40fcf8408) used for Interpreter
stack at sp + 1 slots: 0x0 is null
stack at sp + 2 slots: 0x000001d422117a70 points into unknown readable memory: 0x000001d4228977b0 | b0 77 89 22 d4 01 00 00
stack at sp + 3 slots: 0x0000000000000001 is an unknown value
stack at sp + 4 slots: 0x000001d422117a70 points into unknown readable memory: 0x000001d4228977b0 | b0 77 89 22 d4 01 00 00
stack at sp + 5 slots: 0x00007ffd3ba5feb2 awt.dll
stack at sp + 6 slots: 0x00007ffd3babc838 awt.dll
stack at sp + 7 slots: {method} {0x000001d41d9ee1a8} 'initNativeScale' '(I)V' in 'sun/awt/Win32GraphicsDevice'

Lock stack of current Java thread (top to bottom):

native method entry point (kind = native)  [0x000001d40fcfcdc0, 0x000001d40fcfd8b8]  2808 bytes
[MachCode]
  0x000001d40fcfcdc0: 488b 4b08 | 0fb7 492e | 584c 8d74 | ccf8 6800 | 0000 0068 | 0000 0000 | 5055 488b | ec41 5548 
  0x000001d40fcfcde0: 8b43 084c | 8d68 3848 | 8b40 0868 | 0000 0000 | 5348 8b50 | 1848 8b52 | 7048 8b12 | 5248 8b53 
  0x000001d40fcfce00: 1048 85d2 | 7407 4881 | c2d0 0000 | 0052 488b | 5010 5249 | 8bc6 482b | c548 c1e8 | 0350 6800 
  0x000001d40fcfce20: 0000 0068 | f7ff ffff | 41c6 87f1 | 0400 0001 | 488b 4310 | 4885 c074 | 208b 8890 | 0000 0083 
  0x000001d40fcfce40: c102 8988 | 9000 0000 | 2388 a400 | 0000 0f84 | b209 0000 | e9cf 0000 | 0048 8b43 | 1848 85c0 
  0x000001d40fcfce60: 0f85 b000 | 0000 e805 | 0000 00e9 | 9900 0000 | 488b d348 | 8d44 2408 | 4c89 6dc0 | 498b cfc5 
  0x000001d40fcfce80: f877 4989 | af38 0400 | 0049 8987 | 2804 0000 | 4883 ec20 | 40f6 c40f | 0f84 1900 | 0000 4883 
  0x000001d40fcfcea0: ec08 48b8 | e01e 61fd | fc7f 0000 | ffd0 4883 | c408 e90c | 0000 0048 | b8e0 1e61 | fdfc 7f00 
  0x000001d40fcfcec0: 00ff d048 | 83c4 2049 | c787 2804 | 0000 0000 | 0000 49c7 | 8738 0400 | 0000 0000 | 0049 c787 
  0x000001d40fcfcee0: 3004 0000 | 0000 0000 | c5f8 7749 | 837f 0800 | 0f84 0500 | 0000 e9e5 | 42ff ff4c | 8b6d c04c 
  0x000001d40fcfcf00: 8b75 c84e | 8d74 f500 | c348 8b43 | 1848 85c0 | 0f84 1200 | 0000 8b48 | 0883 c102 | 8948 0823 
  0x000001d40fcfcf20: 482c 0f84 | de08 0000 | 493b a770 | 0500 000f | 8748 0000 | 0089 8424 | 00f0 ffff | 8984 2400 
  0x000001d40fcfcf40: e0ff ff89 | 8424 00d0 | ffff 8984 | 2400 c0ff | ff89 8424 | 00b0 ffff | 8984 2400 | a0ff ff89 
  0x000001d40fcfcf60: 8424 0090 | ffff 8984 | 2400 80ff | ff49 3ba7 | 6805 0000 | 7607 4989 | a770 0500 | 0041 c687 
  0x000001d40fcfcf80: f104 0000 | 0048 8b5d | e84c 8b5b | 0845 0fb7 | 5b2e 41c1 | e303 492b | e348 83ec | 2048 83e4 
  0x000001d40fcfcfa0: f04c 8b5b | 604d 85db | 0f85 ab00 | 0000 e805 | 0000 00e9 | 9900 0000 | 488b d348 | 8d44 2408 
  0x000001d40fcfcfc0: 4c89 6dc0 | 498b cfc5 | f877 4989 | af38 0400 | 0049 8987 | 2804 0000 | 4883 ec20 | 40f6 c40f 
  0x000001d40fcfcfe0: 0f84 1900 | 0000 4883 | ec08 48b8 | 1048 61fd | fc7f 0000 | ffd0 4883 | c408 e90c | 0000 0048 
  0x000001d40fcfd000: b810 4861 | fdfc 7f00 | 00ff d048 | 83c4 2049 | c787 2804 | 0000 0000 | 0000 49c7 | 8738 0400 
  0x000001d40fcfd020: 0000 0000 | 0049 c787 | 3004 0000 | 0000 0000 | c5f8 7749 | 837f 0800 | 0f84 0500 | 0000 e99d 
  0x000001d40fcfd040: 41ff ff4c | 8b6d c04c | 8b75 c84e | 8d74 f500 | c348 8b5d | e84c 8b5b | 6041 ffd3 | 488b 5de8 
  0x000001d40fcfd060: 4889 4518 | 440f b75b | 2c41 f6c3 | 080f 841b | 0000 004c | 8b5b 084d | 8b5b 084d | 8b5b 184d 
  0x000001d40fcfd080: 8b5b 704d | 8b1b 4c89 | 5d10 488d | 5510 488b | 4358 49ba | 800e 9cfd | fc7f 0000 | 493b c20f 
  0x000001d40fcfd0a0: 85ab 0000 | 00e8 0500 | 0000 e999 | 0000 0048 | 8bd3 488d | 4424 084c | 896d c049 | 8bcf c5f8 
  0x000001d40fcfd0c0: 7749 89af | 3804 0000 | 4989 8728 | 0400 0048 | 83ec 2040 | f6c4 0f0f | 8419 0000 | 0048 83ec 
  0x000001d40fcfd0e0: 0848 b810 | 4861 fdfc | 7f00 00ff | d048 83c4 | 08e9 0c00 | 0000 48b8 | 1048 61fd | fc7f 0000 
  0x000001d40fcfd100: ffd0 4883 | c420 49c7 | 8728 0400 | 0000 0000 | 0049 c787 | 3804 0000 | 0000 0000 | 49c7 8730 
  0x000001d40fcfd120: 0400 0000 | 0000 00c5 | f877 4983 | 7f08 000f | 8405 0000 | 00e9 a640 | ffff 4c8b | 6dc0 4c8b 
  0x000001d40fcfd140: 75c8 4e8d | 74f5 00c3 | 488b 5de8 | 488b 4358 | 498d 8f48 | 0400 004c | 8d15 d500 | 0000 4d89 
  0x000001d40fcfd160: 9730 0400 | 00c5 f877 | 4989 af38 | 0400 0049 | 89a7 2804 | 0000 41c7 | 87d4 0400 | 0004 0000 
  0x000001d40fcfd180: 0049 3ba7 | c805 0000 | 7607 4989 | a7c8 0500 | 00ff d049 | 3ba7 c805 | 0000 720b | 49c7 87c8 
  0x000001d40fcfd1a0: 0500 0000 | 0000 00c5 | f877 4883 | ec10 c5fb | 1104 2448 | 83ec 1048 | 8904 2448 | c744 2408 
  0x000001d40fcfd1c0: 0000 0000 | 41c7 87d4 | 0400 0005 | 0000 00f0 | 8344 24c0 | 0049 3b6f | 280f 870e | 0000 0041 
  0x000001d40fcfd1e0: 83bf d004 | 0000 000f | 8420 0000 | 0049 8bcf | 4c8b e448 | 83ec 2048 | 83e4 f048 | b840 ac62 
  0x000001d40fcfd200: fdfc 7f00 | 00ff d049 | 8be4 4d33 | e441 c787 | d404 0000 | 0800 0000 | 4d8b 97f0 | 0500 0049 
  0x000001d40fcfd220: 83fa 0074 | 3549 c787 | f005 0000 | 0000 0000 | 41ff e249 | ba60 becf | 0fd4 0100 | 0041 ffd2 
  0x000001d40fcfd240: 4883 ec10 | c5fb 1104 | 2448 83ec | 1048 8904 | 2448 c744 | 2408 0000 | 0000 49c7 | 8728 0400 
  0x000001d40fcfd260: 0000 0000 | 0049 c787 | 3804 0000 | 0000 0000 | 49c7 8730 | 0400 0000 | 0000 00c5 | f877 4d8b 
  0x000001d40fcfd280: 9fb8 0400 | 0041 c783 | 0001 0000 | 0000 0000 | 49bb 5aa7 | cf0f d401 | 0000 4c3b | 5d18 0f85 
  0x000001d40fcfd2a0: 5501 0000 | 488b 0424 | 4883 c410 | 4885 c00f | 842f 0100 | 00a8 030f | 8508 0000 | 0048 8b00 
  0x000001d40fcfd2c0: e91f 0100 | 00a8 010f | 8509 0000 | 0048 8b40 | fee9 0e01 | 0000 488b | 40ff 4180 | 7f48 000f 
  0x000001d40fcfd2e0: 84ff 0000 | 0048 83f8 | 000f 84f5 | 0000 004d | 8b5f 384d | 85db 0f84 | 1400 0000 | 4983 eb08 
  0x000001d40fcfd300: 4d89 5f38 | 4d03 5f40 | 4989 03e9 | d400 0000 | 4883 ec70 | 4889 0424 | 4889 4c24 | 0848 8954 
  0x000001d40fcfd320: 2410 4c89 | 4424 184c | 894c 2420 | 4c89 5424 | 284c 895c | 2430 c5fb | 1144 2440 | c5fb 114c 
  0x000001d40fcfd340: 2448 c5fb | 1154 2450 | c5fb 115c | 2458 c5fb | 1164 2460 | c5fb 116c | 2468 498b | d748 8bc8 
  0x000001d40fcfd360: 4883 ec20 | 40f6 c40f | 0f84 1900 | 0000 4883 | ec08 48b8 | 2076 55fd | fc7f 0000 | ffd0 4883 
  0x000001d40fcfd380: c408 e90c | 0000 0048 | b820 7655 | fdfc 7f00 | 00ff d048 | 83c4 20c5 | fb10 6c24 | 68c5 fb10 
  0x000001d40fcfd3a0: 6424 60c5 | fb10 5c24 | 58c5 fb10 | 5424 50c5 | fb10 4c24 | 48c5 fb10 | 4424 404c | 8b5c 2430 
  0x000001d40fcfd3c0: 4c8b 5424 | 284c 8b4c | 2420 4c8b | 4424 1848 | 8b54 2410 | 488b 4c24 | 0848 8b04 | 2448 83c4 
  0x000001d40fcfd3e0: 70c5 f877 | 4889 4510 | 4883 ec10 | 4889 0424 | 48c7 4424 | 0800 0000 | 0041 83bf | 5005 0000 
  0x000001d40fcfd400: 020f 85bf | 0000 0048 | 81ec 8000 | 0000 4889 | 4424 7848 | 894c 2470 | 4889 5424 | 6848 895c 
  0x000001d40fcfd420: 2460 4889 | 6c24 5048 | 8974 2448 | 4889 7c24 | 404c 8944 | 2438 4c89 | 4c24 304c | 8954 2428 
  0x000001d40fcfd440: 4c89 5c24 | 204c 8964 | 2418 4c89 | 6c24 104c | 8974 2408 | 4c89 3c24 | 4c8b e448 | 83ec 2048 
  0x000001d40fcfd460: 83e4 f048 | b8f0 f59b | fdfc 7f00 | 00ff d049 | 8be4 4c8b | 3c24 4c8b | 7424 084c | 8b6c 2410 
  0x000001d40fcfd480: 4c8b 6424 | 184c 8b5c | 2420 4c8b | 5424 284c | 8b4c 2430 | 4c8b 4424 | 3848 8b7c | 2440 488b 
  0x000001d40fcfd4a0: 7424 4848 | 8b6c 2450 | 488b 5c24 | 6048 8b54 | 2468 488b | 4c24 7048 | 8b44 2478 | 4881 c480 
  0x000001d40fcfd4c0: 0000 004d | 33e4 488b | 5de8 4c8b | 6b08 4d8d | 6d38 4983 | 7f08 000f | 84bb 0000 | 00e8 0500 
  0x000001d40fcfd4e0: 0000 e996 | 0000 0048 | 8d44 2408 | 4c89 6dc0 | 498b cfc5 | f877 4989 | af38 0400 | 0049 8987 
  0x000001d40fcfd500: 2804 0000 | 4883 ec20 | 40f6 c40f | 0f84 1900 | 0000 4883 | ec08 48b8 | 5066 61fd | fc7f 0000 
  0x000001d40fcfd520: ffd0 4883 | c408 e90c | 0000 0048 | b850 6661 | fdfc 7f00 | 00ff d048 | 83c4 2049 | c787 2804 
  0x000001d40fcfd540: 0000 0000 | 0000 49c7 | 8738 0400 | 0000 0000 | 0049 c787 | 3004 0000 | 0000 0000 | c5f8 7749 
  0x000001d40fcfd560: 837f 0800 | 0f84 0500 | 0000 e971 | 3cff ff4c | 8b6d c04c | 8b75 c84e | 8d74 f500 | c348 b938 
  0x000001d40fcfd580: 08c5 fdfc | 7f00 0048 | 83e4 f048 | b850 8c88 | fdfc 7f00 | 00ff d0f4 | 440f b75b | 2c41 f6c3 
  0x000001d40fcfd5a0: 200f 8472 | 0100 0048 | 8d55 a84c | 8b5a 084d | 85db 0f85 | bb00 0000 | e805 0000 | 00e9 9600 
  0x000001d40fcfd5c0: 0000 488d | 4424 084c | 896d c049 | 8bcf c5f8 | 7749 89af | 3804 0000 | 4989 8728 | 0400 0048 
  0x000001d40fcfd5e0: 83ec 2040 | f6c4 0f0f | 8419 0000 | 0048 83ec | 0848 b880 | 6561 fdfc | 7f00 00ff | d048 83c4 
  0x000001d40fcfd600: 08e9 0c00 | 0000 48b8 | 8065 61fd | fc7f 0000 | ffd0 4883 | c420 49c7 | 8728 0400 | 0000 0000 
  0x000001d40fcfd620: 0049 c787 | 3804 0000 | 0000 0000 | 49c7 8730 | 0400 0000 | 0000 00c5 | f877 4983 | 7f08 000f 
  0x000001d40fcfd640: 8405 0000 | 00e9 963b | ffff 4c8b | 6dc0 4c8b | 75c8 4e8d | 74f5 00c3 | 48b9 3808 | c5fd fc7f 
  0x000001d40fcfd660: 0000 4883 | e4f0 48b8 | 508c 88fd | fc7f 0000 | ffd0 f44c | 896d c04c | 8b4a 0848 | c742 0800 
  0x000001d40fcfd680: 0000 0045 | 8b87 d806 | 0000 4f3b | 4c07 f80f | 8542 0000 | 0041 83af | d806 0000 | 084f 3b4c 
  0x000001d40fcfd6a0: 07f0 0f84 | 2a00 0000 | 498b 01a8 | 020f 8512 | 0000 004c | 8bc0 4983 | c801 f04d | 0fb1 010f 
  0x000001d40fcfd6c0: 840d 0000 | 0041 8387 | d806 0000 | 08e9 0500 | 0000 e93e | 0000 004c | 894a 0848 | 8bca 4883 
  0x000001d40fcfd6e0: ec20 40f6 | c40f 0f84 | 1900 0000 | 4883 ec08 | 48b8 d037 | 61fd fc7f | 0000 ffd0 | 4883 c408 
  0x000001d40fcfd700: e90c 0000 | 0048 b8d0 | 3761 fdfc | 7f00 00ff | d048 83c4 | 204c 8b6d | c041 c687 | 9603 0000 
  0x000001d40fcfd720: 0149 3b6f | 280f 8705 | 0000 00e9 | ab00 0000 | 4883 ec10 | c5fb 1104 | 2448 83ec | 1048 8904 
  0x000001d40fcfd740: 2448 c744 | 2408 0000 | 0000 c5f8 | 7749 89af | 3804 0000 | 49ba 4ad7 | cf0f d401 | 0000 4d89 
  0x000001d40fcfd760: 9730 0400 | 0049 89a7 | 2804 0000 | 498b cf48 | 83ec 2040 | f6c4 0f0f | 8419 0000 | 0048 83ec 
  0x000001d40fcfd780: 0848 b870 | 1e61 fdfc | 7f00 00ff | d048 83c4 | 08e9 0c00 | 0000 48b8 | 701e 61fd | fc7f 0000 
  0x000001d40fcfd7a0: ffd0 4883 | c420 49c7 | 8728 0400 | 0000 0000 | 0049 c787 | 3804 0000 | 0000 0000 | 49c7 8730 
  0x000001d40fcfd7c0: 0400 0000 | 0000 00c5 | f877 488b | 0424 4883 | c410 c5fb | 1004 2448 | 83c4 1048 | 8b04 2448 
  0x000001d40fcfd7e0: 83c4 10c5 | fb10 0424 | 4883 c410 | 4c8b 5d18 | 41ff d34c | 8b5d f8c9 | 41c6 8796 | 0300 0000 
  0x000001d40fcfd800: 5f49 8be3 | ffe7 ba00 | 0000 00e8 | 0500 0000 | e996 0000 | 0048 8d44 | 2408 4c89 | 6dc0 498b 
  0x000001d40fcfd820: cfc5 f877 | 4989 af38 | 0400 0049 | 8987 2804 | 0000 4883 | ec20 40f6 | c40f 0f84 | 1900 0000 
  0x000001d40fcfd840: 4883 ec08 | 48b8 c02d | 61fd fc7f | 0000 ffd0 | 4883 c408 | e90c 0000 | 0048 b8c0 | 2d61 fdfc 
  0x000001d40fcfd860: 7f00 00ff | d048 83c4 | 2049 c787 | 2804 0000 | 0000 0000 | 49c7 8738 | 0400 0000 | 0000 0049 
  0x000001d40fcfd880: c787 3004 | 0000 0000 | 0000 c5f8 | 7749 837f | 0800 0f84 | 0500 0000 | e943 39ff | ff4c 8b6d 
  0x000001d40fcfd8a0: c04c 8b75 | c84e 8d74 | f500 c348 | 8b5d e8e9 | 74f6 ffff | 0f1f 4000 
[/MachCode]

---------------  P R O C E S S  ---------------

Threads class SMR info:
_java_thread_list=0x000001d421f8ed40, length=25, elements={
0x000001d47a5d9630, 0x000001d47fd8cf80, 0x000001d47fd8dcc0, 0x000001d47fd90950,
0x000001d47fd92480, 0x000001d47fd98400, 0x000001d47fd9b370, 0x000001d47fd9c860,
0x000001d47fda9b40, 0x000001d41b7da8d0, 0x000001d41b7e7df0, 0x000001d4228ae2c0,
0x000001d4228b2910, 0x000001d4228b30e0, 0x000001d4228af260, 0x000001d42288fa10,
0x000001d422894830, 0x000001d422894060, 0x000001d422891180, 0x000001d422892120,
0x000001d42207bda0, 0x000001d42207d510, 0x000001d422082330, 0x000001d42207e4b0,
0x000001d42207f450
}

Java Threads: ( => current thread )
  0x000001d47a5d9630 JavaThread "main"                              [_thread_blocked, id=3652, stack(0x000000c880f00000,0x000000c881000000) (1024K)]
  0x000001d47fd8cf80 JavaThread "Reference Handler"          daemon [_thread_blocked, id=2992, stack(0x000000c881700000,0x000000c881800000) (1024K)]
  0x000001d47fd8dcc0 JavaThread "Finalizer"                  daemon [_thread_blocked, id=6532, stack(0x000000c881800000,0x000000c881900000) (1024K)]
  0x000001d47fd90950 JavaThread "Signal Dispatcher"          daemon [_thread_blocked, id=6380, stack(0x000000c881900000,0x000000c881a00000) (1024K)]
  0x000001d47fd92480 JavaThread "Attach Listener"            daemon [_thread_blocked, id=4752, stack(0x000000c881a00000,0x000000c881b00000) (1024K)]
  0x000001d47fd98400 JavaThread "Service Thread"             daemon [_thread_blocked, id=2848, stack(0x000000c881b00000,0x000000c881c00000) (1024K)]
  0x000001d47fd9b370 JavaThread "Monitor Deflation Thread"   daemon [_thread_blocked, id=2328, stack(0x000000c881c00000,0x000000c881d00000) (1024K)]
  0x000001d47fd9c860 JavaThread "C2 CompilerThread0"         daemon [_thread_blocked, id=6836, stack(0x000000c881d00000,0x000000c881e00000) (1024K)]
  0x000001d47fda9b40 JavaThread "C1 CompilerThread0"         daemon [_thread_blocked, id=7824, stack(0x000000c881e00000,0x000000c881f00000) (1024K)]
  0x000001d41b7da8d0 JavaThread "Notification Thread"        daemon [_thread_blocked, id=4480, stack(0x000000c881f00000,0x000000c882000000) (1024K)]
  0x000001d41b7e7df0 JavaThread "Common-Cleaner"             daemon [_thread_blocked, id=8240, stack(0x000000c882000000,0x000000c882100000) (1024K)]
  0x000001d4228ae2c0 JavaThread "qtp865858182-39-acceptor-0@7c2ae74c-ServerConnector@7a48e6e2{HTTP/1.1,[http/1.1]}{0.0.0.0:50345}"        [_thread_in_native, id=5768, stack(0x000000c882400000,0x000000c882500000) (1024K)]
  0x000001d4228b2910 JavaThread "qtp865858182-40"                   [_thread_blocked, id=4252, stack(0x000000c882600000,0x000000c882700000) (1024K)]
  0x000001d4228b30e0 JavaThread "qtp865858182-41"                   [_thread_in_native, id=8888, stack(0x000000c882700000,0x000000c882800000) (1024K)]
  0x000001d4228af260 JavaThread "qtp865858182-46"                   [_thread_blocked, id=7632, stack(0x000000c882c00000,0x000000c882d00000) (1024K)]
  0x000001d42288fa10 JavaThread "Java2D Disposer"            daemon [_thread_blocked, id=3176, stack(0x000000c882d00000,0x000000c882e00000) (1024K)]
  0x000001d422894830 JavaThread "AWT-Windows"                daemon [_thread_in_native, id=5624, stack(0x000000c882f00000,0x000000c883000000) (1024K)]
  0x000001d422894060 JavaThread "Swing-Shell"                daemon [_thread_blocked, id=5336, stack(0x000000c883000000,0x000000c883100000) (1024K)]
  0x000001d422891180 JavaThread "Connector-Scheduler-7a48e6e2"        [_thread_blocked, id=3420, stack(0x000000c883100000,0x000000c883200000) (1024K)]
  0x000001d422892120 JavaThread "qtp865858182-54"                   [_thread_blocked, id=304, stack(0x000000c883600000,0x000000c883700000) (1024K)]
  0x000001d42207bda0 JavaThread "qtp865858182-56"                   [_thread_blocked, id=6584, stack(0x000000c883800000,0x000000c883900000) (1024K)]
  0x000001d42207d510 JavaThread "qtp865858182-57"                   [_thread_in_native, id=5452, stack(0x000000c883900000,0x000000c883a00000) (1024K)]
  0x000001d422082330 JavaThread "qtp865858182-58"                   [_thread_blocked, id=8148, stack(0x000000c882e00000,0x000000c882f00000) (1024K)]
  0x000001d42207e4b0 JavaThread "AWT-Shutdown"                      [_thread_blocked, id=5752, stack(0x000000c880c00000,0x000000c880d00000) (1024K)]
=>0x000001d42207f450 JavaThread "AWT-EventQueue-0"                  [_thread_in_native, id=7064, stack(0x000000c882500000,0x000000c882600000) (1024K)]
Total: 25

Other Threads:
  0x000001d47fd7aa00 VMThread "VM Thread"                           [id=4404, stack(0x000000c881600000,0x000000c881700000) (1024K)]
  0x000001d47fd6bae0 WatcherThread "VM Periodic Task Thread"        [id=1620, stack(0x000000c881500000,0x000000c881600000) (1024K)]
  0x000001d47c8b6810 WorkerThread "GC Thread#0"                     [id=12028, stack(0x000000c881000000,0x000000c881100000) (1024K)]
  0x000001d420c8dc20 WorkerThread "GC Thread#1"                     [id=11460, stack(0x000000c882100000,0x000000c882200000) (1024K)]
  0x000001d420c8cbd0 WorkerThread "GC Thread#2"                     [id=11452, stack(0x000000c882200000,0x000000c882300000) (1024K)]
  0x000001d420c80b40 WorkerThread "GC Thread#3"                     [id=2620, stack(0x000000c882300000,0x000000c882400000) (1024K)]
  0x000001d47c8cfa60 ConcurrentGCThread "G1 Main Marker"            [id=2384, stack(0x000000c881100000,0x000000c881200000) (1024K)]
  0x000001d47c8d21b0 WorkerThread "G1 Conc#0"                       [id=1092, stack(0x000000c881200000,0x000000c881300000) (1024K)]
  0x000001d47c905be0 ConcurrentGCThread "G1 Refine#0"               [id=11856, stack(0x000000c881300000,0x000000c881400000) (1024K)]
  0x000001d47c9067f0 ConcurrentGCThread "G1 Service"                [id=5016, stack(0x000000c881400000,0x000000c881500000) (1024K)]
Total: 10

Threads with active compile tasks:
Total: 0

VM state: not at safepoint (normal execution)

VM Mutex/Monitor currently owned by a thread: None

Heap address: 0x0000000700000000, size: 4096 MB, Compressed Oops mode: Zero based, Oop shift amount: 3

CDS archive(s) mapped at: [0x000000009c000000-0x000000009cdd0000-0x000000009cdd0000), size 14483456, SharedBaseAddress: 0x000000009c000000, ArchiveRelocationMode: 1.
Compressed class space mapped at: 0x000000009d000000-0x00000000dd000000, reserved size: 1073741824
UseCompressedClassPointers 1, UseCompactObjectHeaders 0
Narrow klass pointer bits 32, Max shift 3
Narrow klass base: 0x000000009c000000, Narrow klass shift: 0
Encoding Range: [0x000000009c000000 - 0x000000019c000000), (4294967296 bytes)
Klass Range:    [0x000000009c010000 - 0x00000000dd000000), (1090453504 bytes)
Klass ID Range:  [65536 - 1090519033) (1090453497)
Protection zone: [0x000000009c000000 - 0x000000009c010000), (65536 bytes)

GC Precious Log:
 CardTable entry size: 512
 Card Set container configuration: InlinePtr #cards 4 size 8 Array Of Cards #cards 16 size 48 Howl #buckets 8 coarsen threshold 3686 Howl Bitmap #cards 512 size 80 coarsen threshold 460 Card regions per heap region 1 cards per card region 4096
 CPUs: 4 total, 4 available
 Memory: 16382M
 Large Page Support: Disabled
 NUMA Support: Disabled
 Compressed Oops: Enabled (Zero based)
 Heap Region Size: 2M
 Heap Min Capacity: 8M
 Heap Initial Capacity: 256M
 Heap Max Capacity: 4G
 Pre-touch: Disabled
 Parallel Workers: 4
 Concurrent Workers: 1
 Concurrent Refinement Workers: 4
 Periodic GC: Disabled

Heap:
 garbage-first heap   total reserved 4194304K, committed 49152K, used 44478K [0x0000000700000000, 0x0000000800000000)
  region size 2048K, 23 young (47104K), 6 survivors (12288K)

Heap Regions: E=young(eden), S=young(survivor), O=old, HS=humongous(starts), HC=humongous(continues), CS=collection set, F=free, TAMS=top-at-mark-start, PB=parsable bottom
|   0|0x0000000700000000, 0x0000000700200000, 0x0000000700200000|100%| E|  |TAMS 0x0000000700000000| PB 0x0000000700000000| Complete |  0
|   1|0x0000000700200000, 0x0000000700400000, 0x0000000700400000|100%| E|CS|TAMS 0x0000000700200000| PB 0x0000000700200000| Complete |  0
|   2|0x0000000700400000, 0x0000000700600000, 0x0000000700600000|100%| E|CS|TAMS 0x0000000700400000| PB 0x0000000700400000| Complete |  0
|   3|0x0000000700600000, 0x0000000700800000, 0x0000000700800000|100%| E|CS|TAMS 0x0000000700600000| PB 0x0000000700600000| Complete |  0
|   4|0x0000000700800000, 0x0000000700a00000, 0x0000000700a00000|100%| E|CS|TAMS 0x0000000700800000| PB 0x0000000700800000| Complete |  0
|   5|0x0000000700a00000, 0x0000000700c00000, 0x0000000700c00000|100%| E|CS|TAMS 0x0000000700a00000| PB 0x0000000700a00000| Complete |  0
|   6|0x0000000700c00000, 0x0000000700e00000, 0x0000000700e00000|100%| E|CS|TAMS 0x0000000700c00000| PB 0x0000000700c00000| Complete |  0
|   7|0x0000000700e00000, 0x0000000701000000, 0x0000000701000000|100%| E|CS|TAMS 0x0000000700e00000| PB 0x0000000700e00000| Complete |  0
|   8|0x0000000701000000, 0x0000000701200000, 0x0000000701200000|100%| E|CS|TAMS 0x0000000701000000| PB 0x0000000701000000| Complete |  0
|   9|0x0000000701200000, 0x0000000701400000, 0x0000000701400000|100%| E|CS|TAMS 0x0000000701200000| PB 0x0000000701200000| Complete |  0
|  10|0x0000000701400000, 0x0000000701600000, 0x0000000701600000|100%| E|CS|TAMS 0x0000000701400000| PB 0x0000000701400000| Complete |  0
|  11|0x0000000701600000, 0x0000000701800000, 0x0000000701800000|100%| E|CS|TAMS 0x0000000701600000| PB 0x0000000701600000| Complete |  0
|  12|0x0000000701800000, 0x0000000701a00000, 0x0000000701a00000|100%| E|CS|TAMS 0x0000000701800000| PB 0x0000000701800000| Complete |  0
|  13|0x0000000701a00000, 0x0000000701c00000, 0x0000000701c00000|100%| E|CS|TAMS 0x0000000701a00000| PB 0x0000000701a00000| Complete |  0
|  14|0x0000000701c00000, 0x0000000701e00000, 0x0000000701e00000|100%| E|CS|TAMS 0x0000000701c00000| PB 0x0000000701c00000| Complete |  0
|  15|0x0000000701e00000, 0x0000000702000000, 0x0000000702000000|100%| E|CS|TAMS 0x0000000701e00000| PB 0x0000000701e00000| Complete |  0
|  94|0x000000070bc00000, 0x000000070bc4a550, 0x000000070be00000| 14%| S|CS|TAMS 0x000000070bc00000| PB 0x000000070bc00000| Complete |  0
|  95|0x000000070be00000, 0x000000070c000000, 0x000000070c000000|100%| S|CS|TAMS 0x000000070be00000| PB 0x000000070be00000| Complete |  0
|  96|0x000000070c000000, 0x000000070c200000, 0x000000070c200000|100%| S|CS|TAMS 0x000000070c000000| PB 0x000000070c000000| Complete |  0
|  97|0x000000070c200000, 0x000000070c400000, 0x000000070c400000|100%| S|CS|TAMS 0x000000070c200000| PB 0x000000070c200000| Complete |  0
|  98|0x000000070c400000, 0x000000070c600000, 0x000000070c600000|100%| S|CS|TAMS 0x000000070c400000| PB 0x000000070c400000| Complete |  0
|  99|0x000000070c600000, 0x000000070c800000, 0x000000070c800000|100%| S|CS|TAMS 0x000000070c600000| PB 0x000000070c600000| Complete |  0
| 127|0x000000070fe00000, 0x0000000710000000, 0x0000000710000000|100%| E|CS|TAMS 0x000000070fe00000| PB 0x000000070fe00000| Complete |  0
|2047|0x00000007ffe00000, 0x00000007fff25608, 0x0000000800000000| 57%| O|Cm|TAMS 0x00000007ffe00000| PB 0x00000007ffe00000| Complete |  0

Card table byte_map: [0x000001d47d110000,0x000001d47d910000] _byte_map_base: 0x000001d479910000

Marking Bits: (CMBitMap*) 0x000001d47c8b6fa0
 Bits: [0x000001d4177c0000, 0x000001d41b7c0000)

Polling page: 0x000001d47a550000

Metaspace:
Metaspace        used 29191K, committed 29504K, reserved 1114112K
 class space     used 2693K, committed 2816K, reserved 1048576K

Usage:
  Non-class:     25.88 MB used.
      Class:      2.63 MB used.
       Both:     28.51 MB used.

Virtual space:
  Non-class space:       64.00 MB reserved,      26.06 MB ( 41%) committed,  1 nodes.
      Class space:        1.00 GB reserved,       2.75 MB ( <1%) committed,  1 nodes.
             Both:        1.06 GB reserved,      28.81 MB (  3%) committed. 

Chunk freelists:
   Non-Class:  5.00 MB
       Class:  13.15 MB
        Both:  18.15 MB

MaxMetaspaceSize: unlimited
CompressedClassSpaceSize: 1.00 GB
Initial GC threshold: 21.00 MB
Current GC threshold: 35.25 MB
CDS: on
 - commit_granule_bytes: 65536.
 - commit_granule_words: 8192.
 - virtual_space_node_default_size: 8388608.
 - enlarge_chunks_in_place: 1.
UseCompressedClassPointers 1, UseCompactObjectHeaders 0
Narrow klass pointer bits 32, Max shift 3
Narrow klass base: 0x000000009c000000, Narrow klass shift: 0
Encoding Range: [0x000000009c000000 - 0x000000019c000000), (4294967296 bytes)
Klass Range:    [0x000000009c010000 - 0x00000000dd000000), (1090453504 bytes)
Klass ID Range:  [65536 - 1090519033) (1090453497)
Protection zone: [0x000000009c000000 - 0x000000009c010000), (65536 bytes)


Internal statistics:

num_allocs_failed_limit: 3.
num_arena_births: 270.
num_arena_deaths: 0.
num_vsnodes_births: 2.
num_vsnodes_deaths: 0.
num_space_committed: 461.
num_space_uncommitted: 0.
num_chunks_returned_to_freelist: 3.
num_chunks_taken_from_freelist: 937.
num_chunk_merges: 0.
num_chunk_splits: 662.
num_chunks_enlarged: 514.
num_inconsistent_stats: 0.

CodeHeap 'non-profiled nmethods': size=120064Kb used=1347Kb max_used=1347Kb free=118716Kb
 bounds [0x000001d410280000, 0x000001d4104f0000, 0x000001d4177c0000]
CodeHeap 'profiled nmethods': size=120000Kb used=7204Kb max_used=7204Kb free=112795Kb
 bounds [0x000001d4087c0000, 0x000001d408ed0000, 0x000001d40fcf0000]
CodeHeap 'non-nmethods': size=5696Kb used=1568Kb max_used=1630Kb free=4128Kb
 bounds [0x000001d40fcf0000, 0x000001d40ff60000, 0x000001d410280000]
CodeCache: size=245760Kb, used=10119Kb, max_used=10181Kb, free=235639Kb
 total_blobs=5255, nmethods=4562, adapters=596, full_count=0
Compilation: enabled, stopped_count=0, restarted_count=0

Compilation events (20 events):
Event: 1390.567 Thread 0x000001d47fda9b40 4562       1       org.eclipse.jetty.util.thread.QueuedThreadPool::access$400 (5 bytes)
Event: 1390.567 Thread 0x000001d47fda9b40 nmethod 4562 0x000001d4103cfb08 code [0x000001d4103cfc00, 0x000001d4103cfcb0]
Event: 1450.564 Thread 0x000001d47fda9b40 4563       3       java.util.concurrent.locks.AbstractQueuedSynchronizer$Node::<init> (5 bytes)
Event: 1450.564 Thread 0x000001d47fda9b40 nmethod 4563 0x000001d408ec5688 code [0x000001d408ec5780, 0x000001d408ec58e0]
Event: 1450.567 Thread 0x000001d47fda9b40 4564       3       org.eclipse.jetty.util.AtomicBiInteger::getHi (8 bytes)
Event: 1450.567 Thread 0x000001d47fda9b40 nmethod 4564 0x000001d408ec5988 code [0x000001d408ec5a80, 0x000001d408ec5c90]
Event: 1507.923 Thread 0x000001d47fda9b40 4565       1       org.eclipse.jetty.util.thread.QueuedThreadPool::access$500 (5 bytes)
Event: 1507.923 Thread 0x000001d47fda9b40 nmethod 4565 0x000001d4103cfe08 code [0x000001d4103cff00, 0x000001d4103cffa8]
Event: 1747.925 Thread 0x000001d47fda9b40 4566   !   3       java.util.concurrent.locks.AbstractQueuedSynchronizer::acquire (448 bytes)
Event: 1747.927 Thread 0x000001d47fda9b40 nmethod 4566 0x000001d408ec5d08 code [0x000001d408ec5e00, 0x000001d408ec7938]
Event: 1779.038 Thread 0x000001d47fda9b40 4567       3       jdk.internal.misc.Unsafe::putIntOpaque (9 bytes)
Event: 1779.038 Thread 0x000001d47fda9b40 nmethod 4567 0x000001d408ec7988 code [0x000001d408ec7a80, 0x000001d408ec7b90]
Event: 1865.605 Thread 0x000001d47fd9c860 4568       4       java.util.ArrayList::<init> (61 bytes)
Event: 1865.607 Thread 0x000001d47fd9c860 nmethod 4568 0x000001d4103d0108 code [0x000001d4103d0200, 0x000001d4103d05c8]
Event: 1865.621 Thread 0x000001d47fda9b40 4571       3       java.lang.invoke.InvokerBytecodeGenerator::methodDesc (45 bytes)
Event: 1865.622 Thread 0x000001d47fda9b40 nmethod 4571 0x000001d408ec7c88 code [0x000001d408ec7d80, 0x000001d408ec8888]
Event: 1865.622 Thread 0x000001d47fda9b40 4572       3       jdk.internal.misc.Unsafe::putLongUnaligned (157 bytes)
Event: 1865.623 Thread 0x000001d47fda9b40 nmethod 4572 0x000001d408ec8908 code [0x000001d408ec8a00, 0x000001d408ec8f68]
Event: 1877.515 Thread 0x000001d47fda9b40 4573       3       java.util.HashSet::isEmpty (8 bytes)
Event: 1877.515 Thread 0x000001d47fda9b40 nmethod 4573 0x000001d408ec8f88 code [0x000001d408ec9080, 0x000001d408ec9258]

GC Heap Usage History (4 events):
Event: 3.636 {heap Before GC invocations=0 (full 0):
 garbage-first heap   total reserved 4194304K, committed 264192K, used 29845K [0x0000000700000000, 0x0000000800000000)
  region size 2048K, 14 young (28672K), 0 survivors (0K)
}
Event: 3.641 {heap After GC invocations=1 (full 0):
 garbage-first heap   total reserved 4194304K, committed 264192K, used 5077K [0x0000000700000000, 0x0000000800000000)
  region size 2048K, 2 young (4096K), 2 survivors (4096K)
}
Event: 6.224 {heap Before GC invocations=1 (full 0):
 garbage-first heap   total reserved 4194304K, committed 264192K, used 56277K [0x0000000700000000, 0x0000000800000000)
  region size 2048K, 28 young (57344K), 2 survivors (4096K)
}
Event: 6.236 {heap After GC invocations=2 (full 0):
 garbage-first heap   total reserved 4194304K, committed 264192K, used 11710K [0x0000000700000000, 0x0000000800000000)
  region size 2048K, 6 young (12288K), 6 survivors (12288K)
}

Metaspace Usage History (4 events):
Event: 3.636 {metaspace Before GC invocations=0 (full 0):
 Metaspace       used 9091K, committed 9344K, reserved 1114112K
  class space    used 783K, committed 896K, reserved 1048576K
}
Event: 3.641 {metaspace After GC invocations=1 (full 0):
 Metaspace       used 9091K, committed 9344K, reserved 1114112K
  class space    used 783K, committed 896K, reserved 1048576K
}
Event: 6.224 {metaspace Before GC invocations=1 (full 0):
 Metaspace       used 21259K, committed 21504K, reserved 1114112K
  class space    used 1916K, committed 2048K, reserved 1048576K
}
Event: 6.236 {metaspace After GC invocations=2 (full 0):
 Metaspace       used 21259K, committed 21504K, reserved 1114112K
  class space    used 1916K, committed 2048K, reserved 1048576K
}

Dll operation events (11 events):
Event: 0.009 Loaded shared library C:\Program Files\Java\jdk-25\bin\java.dll
Event: 0.082 Loaded shared library C:\Program Files\Java\jdk-25\bin\net.dll
Event: 0.085 Loaded shared library C:\Program Files\Java\jdk-25\bin\nio.dll
Event: 0.219 Loaded shared library C:\Program Files\Java\jdk-25\bin\zip.dll
Event: 1.323 Loaded shared library C:\Program Files\Java\jdk-25\bin\verify.dll
Event: 1.337 Loaded shared library C:\Program Files\Java\jdk-25\bin\jimage.dll
Event: 6.132 Loaded shared library C:\Program Files\Java\jdk-25\bin\extnet.dll
Event: 6.201 Loaded shared library C:\Program Files\Java\jdk-25\bin\sunmscapi.dll
Event: 6.797 Loaded shared library C:\Program Files\Java\jdk-25\bin\management.dll
Event: 6.805 Loaded shared library C:\Program Files\Java\jdk-25\bin\management_ext.dll
Event: 6.970 Loaded shared library C:\Program Files\Java\jdk-25\bin\awt.dll

Deoptimization events (20 events):
Event: 6.599 Thread 0x000001d42136f0a0 DEOPT PACKING pc=0x000001d410396c0c sp=0x000000c8825fd4c0
Event: 6.599 Thread 0x000001d42136f0a0 DEOPT UNPACKING pc=0x000001d40fe11302 sp=0x000000c8825fd450 mode 2
Event: 6.697 Thread 0x000001d42136f0a0 Uncommon trap: trap_request=0xffffff45 fr.pc=0x000001d410371c1c relative=0x000000000000029c
Event: 6.697 Thread 0x000001d42136f0a0 Uncommon trap: reason=unstable_if action=reinterpret pc=0x000001d410371c1c method=java.util.LinkedHashMap.get(Ljava/lang/Object;)Ljava/lang/Object; @ 16 c2
Event: 6.697 Thread 0x000001d42136f0a0 DEOPT PACKING pc=0x000001d410371c1c sp=0x000000c8825fdfe0
Event: 6.697 Thread 0x000001d42136f0a0 DEOPT UNPACKING pc=0x000001d40fe11302 sp=0x000000c8825fdf88 mode 2
Event: 6.877 Thread 0x000001d47a5d9630 Uncommon trap: trap_request=0xffffff45 fr.pc=0x000001d4103768d8 relative=0x0000000000000b58
Event: 6.877 Thread 0x000001d47a5d9630 Uncommon trap: reason=unstable_if action=reinterpret pc=0x000001d4103768d8 method=java.io.BufferedReader.readLine(Z[Z)Ljava/lang/String; @ 63 c2
Event: 6.877 Thread 0x000001d47a5d9630 DEOPT PACKING pc=0x000001d4103768d8 sp=0x000000c880ffdd00
Event: 6.877 Thread 0x000001d47a5d9630 DEOPT UNPACKING pc=0x000001d40fe11302 sp=0x000000c880ffdca8 mode 2
Event: 6.925 Thread 0x000001d47a5d9630 DEOPT PACKING pc=0x000001d408d8580b sp=0x000000c880ffe170
Event: 6.925 Thread 0x000001d47a5d9630 DEOPT UNPACKING pc=0x000001d40fd41702 sp=0x000000c880ffd680 mode 0
Event: 7.591 Thread 0x000001d4228b1970 Uncommon trap: trap_request=0xffffffde fr.pc=0x000001d4103b736c relative=0x000000000000816c
Event: 7.591 Thread 0x000001d4228b1970 Uncommon trap: reason=class_check action=maybe_recompile pc=0x000001d4103b736c method=jdk.internal.util.ReferencedKeyMap.existingKey(Ljdk/internal/util/ReferencedKeyMap;Ljava/lang/Object;)Ljava/lang/Object; @ 13 c2
Event: 7.591 Thread 0x000001d4228b1970 DEOPT PACKING pc=0x000001d4103b736c sp=0x000000c8829fe190
Event: 7.591 Thread 0x000001d4228b1970 DEOPT UNPACKING pc=0x000001d40fe11302 sp=0x000000c8829fdff0 mode 2
Event: 7.616 Thread 0x000001d4228b1970 Uncommon trap: trap_request=0xffffff45 fr.pc=0x000001d4103ad100 relative=0x0000000000000080
Event: 7.616 Thread 0x000001d4228b1970 Uncommon trap: reason=unstable_if action=reinterpret pc=0x000001d4103ad100 method=java.util.Spliterator.getExactSizeIfKnown()J @ 9 c2
Event: 7.616 Thread 0x000001d4228b1970 DEOPT PACKING pc=0x000001d4103ad100 sp=0x000000c8829fda50
Event: 7.616 Thread 0x000001d4228b1970 DEOPT UNPACKING pc=0x000001d40fe11302 sp=0x000000c8829fd9d8 mode 2

Classes loaded (20 events):
Event: 1865.628 Loading class sun/awt/image/SurfaceManager$ProxyCache
Event: 1865.628 Loading class sun/awt/image/SurfaceManager$ProxyCache done
Event: 1865.630 Loading class sun/awt/Win32GraphicsConfig
Event: 1865.631 Loading class sun/awt/image/SurfaceManager$ProxiedGraphicsConfig
Event: 1865.631 Loading class sun/awt/image/SurfaceManager$ProxiedGraphicsConfig done
Event: 1865.631 Loading class java/awt/GraphicsConfiguration
Event: 1865.631 Loading class java/awt/GraphicsConfiguration done
Event: 1865.631 Loading class sun/awt/Win32GraphicsConfig done
Event: 1865.632 Loading class java/awt/Rectangle
Event: 1865.632 Loading class java/awt/Shape
Event: 1865.633 Loading class java/awt/Shape done
Event: 1865.633 Loading class java/awt/geom/Rectangle2D
Event: 1865.634 Loading class java/awt/geom/RectangularShape
Event: 1865.634 Loading class java/awt/geom/RectangularShape done
Event: 1865.634 Loading class java/awt/geom/Rectangle2D done
Event: 1865.634 Loading class java/awt/Rectangle done
Event: 1866.968 Loading class java/awt/MenuComponent
Event: 1866.970 Loading class java/awt/MenuComponent done
Event: 1866.970 Loading class java/awt/TrayIcon
Event: 1866.972 Loading class java/awt/TrayIcon done

Classes unloaded (0 events):
No events

Classes redefined (0 events):
No events

Internal exceptions (20 events):
Event: 6.499 Thread 0x000001d42136f0a0 Exception <a 'java/lang/NoSuchMethodError'{0x0000000701e6dc40}: 'void java.lang.invoke.DelegatingMethodHandle$Holder.delegate(java.lang.Object, java.lang.Object, int, java.lang.Object)'> (0x0000000701e6dc40) 
thrown [s\open\src\hotspot\share\interpreter\linkResolver.cpp, line 804]
Event: 6.546 Thread 0x000001d42136f0a0 Exception <a 'java/lang/NoSuchMethodError'{0x0000000701f64300}: 'void java.lang.invoke.DirectMethodHandle$Holder.invokeStaticInit(java.lang.Object, java.lang.Object, java.lang.Object)'> (0x0000000701f64300) 
thrown [s\open\src\hotspot\share\interpreter\linkResolver.cpp, line 804]
Event: 6.708 Thread 0x000001d47a5d9630 Exception <a 'sun/nio/fs/WindowsException'{0x0000000701d55a38}> (0x0000000701d55a38) 
thrown [s\open\src\hotspot\share\prims\jni.cpp, line 516]
Event: 6.720 Thread 0x000001d47a5d9630 Exception <a 'sun/nio/fs/WindowsException'{0x0000000701dd2a38}> (0x0000000701dd2a38) 
thrown [s\open\src\hotspot\share\prims\jni.cpp, line 516]
Event: 6.727 Thread 0x000001d47a5d9630 Exception <a 'java/lang/ClassNotFoundException'{0x0000000701b2d5a8}: io/qameta/allure/csv/CsvExportBehaviorBeanInfo> (0x0000000701b2d5a8) 
thrown [s\open\src\hotspot\share\classfile\systemDictionary.cpp, line 327]
Event: 6.728 Thread 0x000001d47a5d9630 Exception <a 'java/lang/ClassNotFoundException'{0x0000000701b2e958}: io/qameta/allure/csv/CsvExportBehaviorCustomizer> (0x0000000701b2e958) 
thrown [s\open\src\hotspot\share\classfile\systemDictionary.cpp, line 327]
Event: 6.737 Thread 0x000001d47a5d9630 Exception <a 'sun/nio/fs/WindowsException'{0x0000000701b7f260}> (0x0000000701b7f260) 
thrown [s\open\src\hotspot\share\prims\jni.cpp, line 516]
Event: 6.743 Thread 0x000001d47a5d9630 Exception <a 'sun/nio/fs/WindowsException'{0x0000000701bcc6d8}> (0x0000000701bcc6d8) 
thrown [s\open\src\hotspot\share\prims\jni.cpp, line 516]
Event: 6.826 Thread 0x000001d47a5d9630 Exception <a 'java/lang/NoSuchMethodError'{0x0000000701451920}: 'void java.lang.invoke.DirectMethodHandle$Holder.invokeStaticInit(java.lang.Object)'> (0x0000000701451920) 
thrown [s\open\src\hotspot\share\interpreter\linkResolver.cpp, line 804]
Event: 6.885 Thread 0x000001d47a5d9630 Exception <a 'java/lang/ClassNotFoundException'{0x0000000701224388}: sun/net/www/protocol/c/Handler> (0x0000000701224388) 
thrown [s\open\src\hotspot\share\classfile\systemDictionary.cpp, line 327]
Event: 6.955 Thread 0x000001d47a5d9630 Exception <a 'java/lang/NoSuchMethodError'{0x0000000700caf448}: 'void java.lang.invoke.DirectMethodHandle$Holder.invokeInterface(java.lang.Object, java.lang.Object)'> (0x0000000700caf448) 
thrown [s\open\src\hotspot\share\interpreter\linkResolver.cpp, line 804]
Event: 6.966 Thread 0x000001d47a5d9630 Exception <a 'java/lang/ClassNotFoundException'{0x0000000700cc5688}: sun/awt/resources/spi/awtProvider> (0x0000000700cc5688) 
thrown [s\open\src\hotspot\share\classfile\systemDictionary.cpp, line 327]
Event: 6.973 Thread 0x000001d47a5d9630 Exception <a 'java/io/FileNotFoundException'{0x0000000700cd9ce8}> (0x0000000700cd9ce8) 
thrown [s\open\src\hotspot\share\prims\jni.cpp, line 516]
Event: 6.973 Thread 0x000001d47a5d9630 Exception <a 'java/io/FileNotFoundException'{0x0000000700ceb970}> (0x0000000700ceb970) 
thrown [s\open\src\hotspot\share\prims\jni.cpp, line 516]
Event: 7.643 Thread 0x000001d4228aea90 Exception <a 'java/lang/NoSuchMethodError'{0x0000000700e73ce0}: 'void java.lang.invoke.DirectMethodHandle$Holder.invokeSpecial(java.lang.Object, java.lang.Object, int)'> (0x0000000700e73ce0) 
thrown [s\open\src\hotspot\share\interpreter\linkResolver.cpp, line 804]
Event: 1865.615 Thread 0x000001d42207f450 Exception <a 'java/lang/NoSuchMethodError'{0x00000007000174c0}: 'long java.lang.invoke.DirectMethodHandle$Holder.invokeStatic(java.lang.Object, java.lang.Object)'> (0x00000007000174c0) 
thrown [s\open\src\hotspot\share\interpreter\linkResolver.cpp, line 804]
Event: 1865.616 Thread 0x000001d42207f450 Exception <a 'java/lang/NoSuchMethodError'{0x000000070001f518}: 'long java.lang.invoke.DirectMethodHandle$Holder.invokeStaticInit(java.lang.Object, java.lang.Object)'> (0x000000070001f518) 
thrown [s\open\src\hotspot\share\interpreter\linkResolver.cpp, line 804]
Event: 1865.619 Thread 0x000001d42207f450 Exception <a 'java/lang/NoSuchMethodError'{0x0000000700027a68}: 'java.lang.Object java.lang.invoke.DirectMethodHandle$Holder.invokeStatic(java.lang.Object, long, java.lang.Object)'> (0x0000000700027a68) 
thrown [s\open\src\hotspot\share\interpreter\linkResolver.cpp, line 804]
Event: 1865.620 Thread 0x000001d42207f450 Exception <a 'java/lang/NoSuchMethodError'{0x000000070002fbb8}: 'java.lang.Object java.lang.invoke.DirectMethodHandle$Holder.invokeStaticInit(java.lang.Object, long, java.lang.Object)'> (0x000000070002fbb8) 
thrown [s\open\src\hotspot\share\interpreter\linkResolver.cpp, line 804]
Event: 1865.620 Thread 0x000001d42207f450 Exception <a 'java/lang/NoSuchMethodError'{0x0000000700037e48}: 'java.lang.Object java.lang.invoke.DirectMethodHandle$Holder.invokeStaticInit(java.lang.Object, long)'> (0x0000000700037e48) 
thrown [s\open\src\hotspot\share\interpreter\linkResolver.cpp, line 804]

VM Operations (20 events):
Event: 60.132 Executing non-safepoint VM operation: HandshakeAllThreads (HandshakeForDeflation)
Event: 60.132 Executing non-safepoint VM operation: HandshakeAllThreads (HandshakeForDeflation) done
Event: 60.132 Executing non-safepoint VM operation: RendezvousGCThreads
Event: 60.132 Executing non-safepoint VM operation: RendezvousGCThreads done
Event: 120.216 Executing non-safepoint VM operation: HandshakeAllThreads (HandshakeForDeflation)
Event: 120.216 Executing non-safepoint VM operation: HandshakeAllThreads (HandshakeForDeflation) done
Event: 120.217 Executing non-safepoint VM operation: RendezvousGCThreads
Event: 120.217 Executing non-safepoint VM operation: RendezvousGCThreads done
Event: 420.798 Executing non-safepoint VM operation: HandshakeAllThreads (HandshakeForDeflation)
Event: 420.798 Executing non-safepoint VM operation: HandshakeAllThreads (HandshakeForDeflation) done
Event: 420.798 Executing non-safepoint VM operation: RendezvousGCThreads
Event: 420.798 Executing non-safepoint VM operation: RendezvousGCThreads done
Event: 480.883 Executing non-safepoint VM operation: HandshakeAllThreads (HandshakeForDeflation)
Event: 480.883 Executing non-safepoint VM operation: HandshakeAllThreads (HandshakeForDeflation) done
Event: 480.883 Executing non-safepoint VM operation: RendezvousGCThreads
Event: 480.883 Executing non-safepoint VM operation: RendezvousGCThreads done
Event: 1865.185 Executing non-safepoint VM operation: HandshakeAllThreads (Deoptimize)
Event: 1865.185 Executing non-safepoint VM operation: HandshakeAllThreads (Deoptimize) done
Event: 1865.607 Executing non-safepoint VM operation: HandshakeAllThreads (Deoptimize)
Event: 1865.607 Executing non-safepoint VM operation: HandshakeAllThreads (Deoptimize) done

Memory protections (0 events):
No events

Nmethod flushes (0 events):
No events

Events (20 events):
Event: 7.699 Thread 0x000001d4228b2910 Thread added: 0x000001d42207bda0
Event: 7.701 Thread 0x000001d4228b2910 Thread added: 0x000001d42207d510
Event: 8.089 Thread 0x000001d42288f240 Thread exited: 0x000001d42288f240
Event: 39.000 Thread 0x000001d4228b2140 Thread added: 0x000001d422082330
Event: 66.709 Thread 0x000001d42136f0a0 Thread exited: 0x000001d42136f0a0
Event: 99.006 Thread 0x000001d422081390 Thread exited: 0x000001d422081390
Event: 159.014 Thread 0x000001d4228aea90 Thread exited: 0x000001d4228aea90
Event: 219.014 Thread 0x000001d4228b1970 Thread exited: 0x000001d4228b1970
Event: 279.015 Thread 0x000001d4228b2140 Thread exited: 0x000001d4228b2140
Event: 339.018 Thread 0x000001d4228b4080 Thread exited: 0x000001d4228b4080
Event: 418.611 Thread 0x000001d422894830 Thread added: 0x000001d42207e4b0
Event: 420.293 Thread 0x000001d42207e4b0 Thread exited: 0x000001d42207e4b0
Event: 420.936 Thread 0x000001d422894830 Thread added: 0x000001d42207e4b0
Event: 421.972 Thread 0x000001d42207e4b0 Thread exited: 0x000001d42207e4b0
Event: 1864.256 Thread 0x000001d422894830 Thread added: 0x000001d422082b00
Event: 1865.038 Thread 0x000001d422894830 Thread added: 0x000001d42207f450
Event: 1866.968 Thread 0x000001d422082b00 Thread exited: 0x000001d422082b00
Event: 1866.972 Thread 0x000001d42207f450 Thread exited: 0x000001d42207f450
Event: 1877.165 Thread 0x000001d422894830 Thread added: 0x000001d42207e4b0
Event: 1878.369 Thread 0x000001d422894830 Thread added: 0x000001d42207f450


Dynamic libraries:
0x00007ff7b3fa0000 - 0x00007ff7b3fb0000 	C:\Program Files\Java\jdk-25\bin\java.exe
0x00007ffd57af0000 - 0x00007ffd57ce8000 	C:\Windows\SYSTEM32\ntdll.dll
0x00007ffd56970000 - 0x00007ffd56a32000 	C:\Windows\System32\KERNEL32.DLL
0x00007ffd55480000 - 0x00007ffd55776000 	C:\Windows\System32\KERNELBASE.dll
0x00007ffd55380000 - 0x00007ffd55480000 	C:\Windows\System32\ucrtbase.dll
0x00007ffd4dbb0000 - 0x00007ffd4dbce000 	C:\Program Files\Java\jdk-25\bin\VCRUNTIME140.dll
0x00007ffd4fc30000 - 0x00007ffd4fc47000 	C:\Program Files\Java\jdk-25\bin\jli.dll
0x00007ffd56a40000 - 0x00007ffd56bdd000 	C:\Windows\System32\USER32.dll
0x00007ffd55780000 - 0x00007ffd557a2000 	C:\Windows\System32\win32u.dll
0x00007ffd351e0000 - 0x00007ffd3547b000 	C:\Windows\WinSxS\amd64_microsoft.windows.common-controls_6595b64144ccf1df_6.0.19041.6280_none_60bc30a171f2f3f3\COMCTL32.dll
0x00007ffd57490000 - 0x00007ffd574bb000 	C:\Windows\System32\GDI32.dll
0x00007ffd55210000 - 0x00007ffd55329000 	C:\Windows\System32\gdi32full.dll
0x00007ffd567b0000 - 0x00007ffd5684e000 	C:\Windows\System32\msvcrt.dll
0x00007ffd55840000 - 0x00007ffd558dd000 	C:\Windows\System32\msvcp_win.dll
0x00007ffd579c0000 - 0x00007ffd579ef000 	C:\Windows\System32\IMM32.DLL
0x00007ffd4fca0000 - 0x00007ffd4fcac000 	C:\Program Files\Java\jdk-25\bin\vcruntime140_1.dll
0x00007ffd3cd60000 - 0x00007ffd3cded000 	C:\Program Files\Java\jdk-25\bin\msvcp140.dll
0x00007ffcfd1a0000 - 0x00007ffcfdfff000 	C:\Program Files\Java\jdk-25\bin\server\jvm.dll
0x00007ffd579f0000 - 0x00007ffd57aa1000 	C:\Windows\System32\ADVAPI32.dll
0x00007ffd56850000 - 0x00007ffd568ef000 	C:\Windows\System32\sechost.dll
0x00007ffd57260000 - 0x00007ffd57380000 	C:\Windows\System32\RPCRT4.dll
0x00007ffd558e0000 - 0x00007ffd55907000 	C:\Windows\System32\bcrypt.dll
0x00007ffd56ca0000 - 0x00007ffd56d0b000 	C:\Windows\System32\WS2_32.dll
0x00007ffd54ff0000 - 0x00007ffd5503b000 	C:\Windows\SYSTEM32\POWRPROF.dll
0x00007ffd48b40000 - 0x00007ffd48b67000 	C:\Windows\SYSTEM32\WINMM.dll
0x00007ffd4c8c0000 - 0x00007ffd4c8ca000 	C:\Windows\SYSTEM32\VERSION.dll
0x00007ffd54fd0000 - 0x00007ffd54fe2000 	C:\Windows\SYSTEM32\UMPDC.dll
0x00007ffd53030000 - 0x00007ffd53042000 	C:\Windows\SYSTEM32\kernel.appcore.dll
0x00007ffd4fc70000 - 0x00007ffd4fc7a000 	C:\Program Files\Java\jdk-25\bin\jimage.dll
0x00007ffd49c70000 - 0x00007ffd49e71000 	C:\Windows\SYSTEM32\DBGHELP.DLL
0x00007ffd4b890000 - 0x00007ffd4b8c4000 	C:\Windows\SYSTEM32\dbgcore.DLL
0x00007ffd557b0000 - 0x00007ffd55832000 	C:\Windows\System32\bcryptPrimitives.dll
0x00007ffd4db90000 - 0x00007ffd4dbaf000 	C:\Program Files\Java\jdk-25\bin\java.dll
0x00007ffd55b20000 - 0x00007ffd55c4b000 	C:\Windows\System32\ole32.dll
0x00007ffd56f00000 - 0x00007ffd57253000 	C:\Windows\System32\combase.dll
0x00007ffd55c50000 - 0x00007ffd563c0000 	C:\Windows\System32\SHELL32.dll
0x00007ffd53230000 - 0x00007ffd539d5000 	C:\Windows\SYSTEM32\windows.storage.dll
0x00007ffd54af0000 - 0x00007ffd54b1b000 	C:\Windows\SYSTEM32\Wldp.dll
0x00007ffd564a0000 - 0x00007ffd5656d000 	C:\Windows\System32\OLEAUT32.dll
0x00007ffd573e0000 - 0x00007ffd5748d000 	C:\Windows\System32\SHCORE.dll
0x00007ffd568f0000 - 0x00007ffd5694b000 	C:\Windows\System32\shlwapi.dll
0x00007ffd550c0000 - 0x00007ffd550e4000 	C:\Windows\SYSTEM32\profapi.dll
0x00007ffd4db70000 - 0x00007ffd4db82000 	C:\Program Files\Java\jdk-25\bin\net.dll
0x00007ffd54850000 - 0x00007ffd548ba000 	C:\Windows\system32\mswsock.dll
0x00007ffd486c0000 - 0x00007ffd486d6000 	C:\Program Files\Java\jdk-25\bin\nio.dll
0x00007ffd450f0000 - 0x00007ffd45107000 	C:\Program Files\Java\jdk-25\bin\zip.dll
0x00007ffd4fc20000 - 0x00007ffd4fc30000 	C:\Program Files\Java\jdk-25\bin\verify.dll
0x00007ffd54a40000 - 0x00007ffd54a58000 	C:\Windows\SYSTEM32\CRYPTSP.dll
0x00007ffd54170000 - 0x00007ffd541a8000 	C:\Windows\system32\rsaenh.dll
0x00007ffd55040000 - 0x00007ffd5506e000 	C:\Windows\SYSTEM32\USERENV.dll
0x00007ffd54a60000 - 0x00007ffd54a6c000 	C:\Windows\SYSTEM32\CRYPTBASE.dll
0x00007ffd54530000 - 0x00007ffd5456b000 	C:\Windows\SYSTEM32\IPHLPAPI.DLL
0x00007ffd56720000 - 0x00007ffd56728000 	C:\Windows\System32\NSI.dll
0x00007ffd543c0000 - 0x00007ffd543f3000 	C:\Windows\SYSTEM32\ntmarta.dll
0x00007ffd407f0000 - 0x00007ffd40807000 	C:\Windows\system32\napinsp.dll
0x00007ffd407a0000 - 0x00007ffd407bb000 	C:\Windows\system32\pnrpnsp.dll
0x00007ffd40260000 - 0x00007ffd4027d000 	C:\Windows\system32\wshbth.dll
0x00007ffd50820000 - 0x00007ffd5083d000 	C:\Windows\system32\NLAapi.dll
0x00007ffd54570000 - 0x00007ffd5463a000 	C:\Windows\SYSTEM32\DNSAPI.dll
0x00007ffd406e0000 - 0x00007ffd406f2000 	C:\Windows\System32\winrnr.dll
0x00007ffd4aee0000 - 0x00007ffd4aeea000 	C:\Windows\System32\rasadhlp.dll
0x00007ffd4c6c0000 - 0x00007ffd4c740000 	C:\Windows\System32\fwpuclnt.dll
0x00007ffd4db60000 - 0x00007ffd4db69000 	C:\Program Files\Java\jdk-25\bin\extnet.dll
0x00007ffd486b0000 - 0x00007ffd486be000 	C:\Program Files\Java\jdk-25\bin\sunmscapi.dll
0x00007ffd55910000 - 0x00007ffd55a6d000 	C:\Windows\System32\CRYPT32.dll
0x00007ffd54b60000 - 0x00007ffd54b87000 	C:\Windows\SYSTEM32\ncrypt.dll
0x00007ffd54b20000 - 0x00007ffd54b5b000 	C:\Windows\SYSTEM32\NTASN1.dll
0x00007ffd3d940000 - 0x00007ffd3d94a000 	C:\Program Files\Java\jdk-25\bin\management.dll
0x00007ffd3d930000 - 0x00007ffd3d93c000 	C:\Program Files\Java\jdk-25\bin\management_ext.dll
0x00007ffd56d10000 - 0x00007ffd56d18000 	C:\Windows\System32\PSAPI.DLL
0x00007ffd3cd50000 - 0x00007ffd3cd57000 	C:\Windows\system32\wshunix.dll
0x00007ffd3b980000 - 0x00007ffd3bb04000 	C:\Program Files\Java\jdk-25\bin\awt.dll
0x00007ffd52790000 - 0x00007ffd52824000 	C:\Windows\SYSTEM32\apphelp.dll
0x00007ffd52af0000 - 0x00007ffd52b8e000 	C:\Windows\system32\uxtheme.dll
0x00007ffd56d20000 - 0x00007ffd56e35000 	C:\Windows\System32\MSCTF.dll
0x00007ffd51a30000 - 0x00007ffd51a44000 	C:\Windows\system32\Wtsapi32.dll
0x00007ffd54f70000 - 0x00007ffd54fcb000 	C:\Windows\SYSTEM32\WINSTA.dll
0x00007ffd51620000 - 0x00007ffd51714000 	C:\Windows\SYSTEM32\PROPSYS.dll
0x00007ffd47d10000 - 0x00007ffd47f01000 	C:\Windows\SYSTEM32\urlmon.dll
0x00007ffd47870000 - 0x00007ffd47b2e000 	C:\Windows\SYSTEM32\iertutil.dll
0x00007ffd54640000 - 0x00007ffd5464c000 	C:\Windows\SYSTEM32\netutils.dll
0x00007ffd47840000 - 0x00007ffd47868000 	C:\Windows\SYSTEM32\srvcli.dll
0x00007ffd56be0000 - 0x00007ffd56c89000 	C:\Windows\System32\clbcatq.dll
0x00007ffd34fe0000 - 0x00007ffd34ffd000 	C:\Windows\System32\Windows.Shell.ServiceHostBuilder.dll
0x00007ffd4e110000 - 0x00007ffd4e8e4000 	C:\Windows\System32\OneCoreUAPCommonProxyStub.dll
0x00007ffd3cec0000 - 0x00007ffd3d006000 	C:\Windows\System32\Windows.StateRepositoryPS.dll
0x00007ffd518a0000 - 0x00007ffd519f7000 	C:\Windows\System32\WinTypes.dll
0x00007ffd3be60000 - 0x00007ffd3be84000 	C:\Windows\SYSTEM32\edputil.dll
0x00007ffd4b9e0000 - 0x00007ffd4b9ec000 	C:\Windows\SYSTEM32\Secur32.dll
0x00007ffd55070000 - 0x00007ffd550a2000 	C:\Windows\SYSTEM32\SSPICLI.DLL
0x00007ffd2a9c0000 - 0x00007ffd2aa02000 	C:\Windows\SYSTEM32\MLANG.dll
0x00007ffd4a380000 - 0x00007ffd4a856000 	C:\Windows\SYSTEM32\WININET.dll
0x00007ffd3cc60000 - 0x00007ffd3ccaa000 	C:\Windows\System32\Windows.UI.AppDefaults.dll
0x00007ffd4ebb0000 - 0x00007ffd4ec51000 	C:\Windows\SYSTEM32\policymanager.dll
0x00007ffd54200000 - 0x00007ffd5428a000 	C:\Windows\SYSTEM32\msvcp110_win.dll
0x00007ffd55330000 - 0x00007ffd5537e000 	C:\Windows\System32\CFGMGR32.dll
0x00007ffd404d0000 - 0x00007ffd4054f000 	C:\Windows\System32\OneCoreCommonProxyStub.dll
0x00007ffd52c30000 - 0x00007ffd52c5e000 	C:\Windows\system32\DWMAPI.DLL
0x00007ffd3bb10000 - 0x00007ffd3bc38000 	C:\Windows\system32\opengl32.dll
0x00007ffd4b310000 - 0x00007ffd4b33c000 	C:\Windows\SYSTEM32\GLU32.dll
0x00007ffd50570000 - 0x00007ffd505ab000 	C:\Windows\SYSTEM32\dxcore.dll

JVMTI agents: none

dbghelp: loaded successfully - version: 4.0.5 - missing functions: none
symbol engine: initialized successfully - sym options: 0x614 - pdb path: .;C:\Program Files\Java\jdk-25\bin;C:\Windows\SYSTEM32;C:\Windows\WinSxS\amd64_microsoft.windows.common-controls_6595b64144ccf1df_6.0.19041.6280_none_60bc30a171f2f3f3;C:\Program Files\Java\jdk-25\bin\server

VM Arguments:
java_command: io.qameta.allure.CommandLine serve C:\Selenium demo\capstone_project\target\allure-results
java_class_path (initial): C:\Selenium demo\capstone_project\.allure\allure-2.13.9\bin\..\lib\allure-commandline-2.13.9.jar;C:\Selenium demo\capstone_project\.allure\allure-2.13.9\bin\..\lib\jcommander-1.78.jar;C:\Selenium demo\capstone_project\.allure\allure-2.13.9\bin\..\lib\allure-generator-2.13.9.jar;C:\Selenium demo\capstone_project\.allure\allure-2.13.9\bin\..\lib\allure-plugin-api-2.13.9.jar;C:\Selenium demo\capstone_project\.allure\allure-2.13.9\bin\..\lib\jackson-dataformat-xml-2.9.8.jar;C:\Selenium demo\capstone_project\.allure\allure-2.13.9\bin\..\lib\allure-model-2.13.0.jar;C:\Selenium demo\capstone_project\.allure\allure-2.13.9\bin\..\lib\jackson-module-jaxb-annotations-2.9.8.jar;C:\Selenium demo\capstone_project\.allure\allure-2.13.9\bin\..\lib\jackson-databind-2.9.8.jar;C:\Selenium demo\capstone_project\.allure\allure-2.13.9\bin\..\lib\jackson-dataformat-yaml-2.9.8.jar;C:\Selenium demo\capstone_project\.allure\allure-2.13.9\bin\..\lib\commons-io-2.6.jar;C:\Selenium demo\capstone_project\.allure\allure-2.13.9\bin\..\lib\jetty-server-9.4.20.v20190813.jar;C:\Selenium demo\capstone_project\.allure\allure-2.13.9\bin\..\lib\slf4j-log4j12-1.7.28.jar;C:\Selenium demo\capstone_project\.allure\allure-2.13.9\bin\..\lib\jackson-annotations-2.9.0.jar;C:\Selenium demo\capstone_project\.allure\allure-2.13.9\bin\..\lib\jackson-core-2.9.8.jar;C:\Selenium demo\capstone_project\.allure\allure-2.13.9\bin\..\lib\snakeyaml-1.23.jar;C:\Selenium demo\capstone_project\.allure\allure-2.13.9\bin\..\lib\javax.servlet-api-3.1.0.jar;C:\Selenium demo\capstone_project\.allure\allure-2.13.9\bin\..\lib\jetty-http-9.4.20.v20190813.jar;C:\Selenium demo\capstone_project\.allure\allure-2.13.9\bin\..\lib\jetty-io-9.4.20.v20190813.jar;C:\Selenium demo\capstone_project\.allure\allure-2.13.9\bin\..\lib\allure1-model-1.0.jar;C:\Selenium demo\capstone_project\.allure\allure-2.13.9\bin\..\lib\slf4j-api-1.7.28.jar;C:\Selenium demo\capstone_project\.allure\allure-2.13.9\bin\..\lib\log4j-1.2.17.jar;C:\Selenium demo\capstone_project\.allure\allure-2.13.9\bin\..\lib\jaxb-api-2.3.1.jar;C:\Selenium demo\capstone_project\.allure\allure-2.13.9\bin\..\lib\httpclient-4.5.9.jar;C:\Selenium demo\capstone_project\.allure\allure-2.13.9\bin\..\lib\tika-core-1.22.jar;C:\Selenium demo\capstone_project\.allure\allure-2.13.9\bin\..\lib\freemarker-2.3.29.jar;C:\Selenium demo\capstone_project\.allure\allure-2.13.9\bin\..\lib\jetty-util-9.4.20.v20190813.jar;C:\Selenium demo\capstone_project\.allure\allure-2.13.9\bin\..\lib\opencsv-4.6.jar;C:\Selenium demo\capstone_project\.allure\allure-2.13.9\bin\..\lib\flexmark-0.50.36.jar;C:\Selenium demo\capstone_project\.allure\allure-2.13.9\bin\..\lib\woodstox-core-5.0.3.jar;C:\Selenium demo\capstone_project\.allure\allure-2.13.9\bin\..\lib\stax2-api-3.1.4.jar;C:\Selenium demo\capstone_project\.allure\allure-2.13.9\bin\..\lib\javax.activation-api-1.2.0.jar;C:\Selenium demo\capstone_project\.allure\allure-2.13.9\bin\..\lib\properties-2.0.RC5.jar;C:\Selenium demo\capstone_project\.allure\allure-2.13.9\bin\..\lib\jaxb-utils-1.0.jar;C:\Selenium demo\capstone_project\.allure\allure-2.13.9\bin\..\lib\httpcore-4.4.11.jar;C:\Selenium demo\capstone_project\.allure\allure-2.13.9\bin\..\lib\commons-beanutils-1.9.3.jar;C:\Selenium demo\capstone_project\.allure\allure-2.13.9\bin\..\lib\commons-logging-1.2.jar;C:\Selenium demo\capstone_project\.allure\allure-2.13.9\bin\..\lib\commons-codec-1.11.jar;C:\Selenium demo\capstone_project\.allure\allure-2.13.9\bin\..\lib\commons-text-1.3.jar;C:\Selenium demo\capstone_project\.allure\allure-2.13.9\bin\..\lib\commons-lang3-3.9.jar;C:\Selenium demo\capstone_project\.allure\allure-2.13.9\bin\..\lib\commons-collections4-4.2.jar;C:\Selenium demo\capstone_project\.allure\allure-2.13.9\bin\..\lib\flexmark-util-0.50.36.jar;C:\Selenium demo\capstone_project\.allure\allure-2.13.9\bin\..\lib\commons-collections-3.2.2.jar;C:\Selenium demo\capstone_project\.allure\allure-2.13.9\bin\..\lib\config
Launcher Type: SUN_STANDARD

[Global flags]
     intx CICompilerCount                          = 3                                         {product} {ergonomic}
     uint ConcGCThreads                            = 1                                         {product} {ergonomic}
     uint G1ConcRefinementThreads                  = 4                                         {product} {ergonomic}
   size_t G1HeapRegionSize                         = 2097152                                   {product} {ergonomic}
   size_t InitialHeapSize                          = 268435456                                 {product} {ergonomic}
   size_t MarkStackSize                            = 4194304                                   {product} {ergonomic}
   size_t MarkStackSizeMax                         = 536870912                                 {product} {ergonomic}
   size_t MaxHeapSize                              = 4294967296                                {product} {ergonomic}
   size_t MaxNewSize                               = 2575302656                                {product} {ergonomic}
   size_t MinHeapDeltaBytes                        = 2097152                                   {product} {ergonomic}
   size_t MinHeapSize                              = 8388608                                   {product} {ergonomic}
    uintx NonNMethodCodeHeapSize                   = 5832704                                {pd product} {ergonomic}
    uintx NonProfiledCodeHeapSize                  = 122945536                              {pd product} {ergonomic}
    uintx ProfiledCodeHeapSize                     = 122880000                              {pd product} {ergonomic}
    uintx ReservedCodeCacheSize                    = 251658240                              {pd product} {ergonomic}
     bool SegmentedCodeCache                       = true                                      {product} {ergonomic}
   size_t SoftMaxHeapSize                          = 4294967296                             {manageable} {ergonomic}
     bool UseCompressedOops                        = true                           {product lp64_product} {ergonomic}
     bool UseG1GC                                  = true                                      {product} {ergonomic}
     bool UseLargePagesIndividualAllocation        = false                                  {pd product} {ergonomic}

Logging:
Log output configuration:
 #0: stdout all=warning uptime,level,tags foldmultilines=false
 #1: stderr all=off uptime,level,tags foldmultilines=false

Release file:
IMPLEMENTOR="Oracle Corporation" 
JAVA_RUNTIME_VERSION="25+37-LTS-3491" 
JAVA_VERSION="25" 
JAVA_VERSION_DATE="2025-09-16" 
LIBC="default" 
MODULES="java.base java.compiler java.datatransfer java.xml java.prefs java.desktop java.instrument java.logging java.management java.security.sasl java.naming java.rmi java.management.rmi java.net.http java.scripting java.security.jgss java.transaction.xa java.sql java.sql.rowset java.xml.crypto java.se java.smartcardio jdk.accessibility jdk.internal.jvmstat jdk.attach jdk.charsets jdk.internal.opt jdk.zipfs jdk.compiler jdk.crypto.cryptoki jdk.crypto.ec jdk.crypto.mscapi jdk.dynalink jdk.internal.ed jdk.editpad jdk.internal.vm.ci jdk.graal.compiler jdk.graal.compiler.management jdk.hotspot.agent jdk.httpserver jdk.incubator.vector jdk.internal.le jdk.internal.md jdk.jartool jdk.javadoc jdk.jcmd jdk.management jdk.management.agent jdk.jconsole jdk.jdeps jdk.jdwp.agent jdk.jdi jdk.jfr jdk.jlink jdk.jpackage jdk.jshell jdk.jsobject jdk.jstatd jdk.localedata jdk.management.jfr jdk.naming.dns jdk.naming.rmi jdk.net jdk.nio.mapmode jdk.sctp jdk.security.auth jdk.security.jgss jdk.unsupported jdk.unsupported.desktop jdk.xml.dom" 
OS_ARCH="x86_64" 
OS_NAME="Windows" 
SOURCE=".:git:49d6a23b8806 open:git:6c48f4ed707b" 

Environment Variables:
CLASSPATH=C:\Selenium demo\capstone_project\.allure\allure-2.13.9\bin\..\lib\allure-commandline-2.13.9.jar;C:\Selenium demo\capstone_project\.allure\allure-2.13.9\bin\..\lib\jcommander-1.78.jar;C:\Selenium demo\capstone_project\.allure\allure-2.13.9\bin\..\lib\allure-generator-2.13.9.jar;C:\Selenium demo\capstone_project\.allure\allure-2.13.9\bin\..\lib\allure-plugin-api-2.13.9.jar;C:\Selenium demo\capstone_project\.allure\allure-2.13.9\bin\..\lib\jackson-dataformat-xml-2.9.8.jar;C:\Selenium demo\capstone_project\.allure\allure-2.13.9\bin\..\lib\allure-model-2.13.0.jar;C:\Selenium demo\capstone_project\.allure\allure-2.13.9\bin\..\lib\jackson-module-jaxb-annotations-2.9.8.jar;C:\Selenium demo\capstone_project\.allure\allure-2.13.9\bin\..\lib\jackson-databind-2.9.8.jar;C:\Selenium demo\capstone_project\.allure\allure-2.13.9\bin\..\lib\jackson-dataformat-yaml-2.9.8.jar;C:\Selenium demo\capstone_project\.allure\allure-2.13.9\bin\..\lib\commons-io-2.6.jar;C:\Selenium demo\capstone_project\.allure\allure-2.13.9\bin\..\lib\jetty-server-9.4.20.v20190813.jar;C:\Selenium demo\capstone_project\.allure\allure-2.13.9\bin\..\lib\slf4j-log4j12-1.7.28.jar;C:\Selenium demo\capstone_project\.allure\allure-2.13.9\bin\..\lib\jackson-annotations-2.9.0.jar;C:\Selenium demo\capstone_project\.allure\allure-2.13.9\bin\..\lib\jackson-core-2.9.8.jar;C:\Selenium demo\capstone_project\.allure\allure-2.13.9\bin\..\lib\snakeyaml-1.23.jar;C:\Selenium demo\capstone_project\.allure\allure-2.13.9\bin\..\lib\javax.servlet-api-3.1.0.jar;C:\Selenium demo\capstone_project\.allure\allure-2.13.9\bin\..\lib\jetty-http-9.4.20.v20190813.jar;C:\Selenium demo\capstone_project\.allure\allure-2.13.9\bin\..\lib\jetty-io-9.4.20.v20190813.jar;C:\Selenium demo\capstone_project\.allure\allure-2.13.9\bin\..\lib\allure1-model-1.0.jar;C:\Selenium demo\capstone_project\.allure\allure-2.13.9\bin\..\lib\slf4j-api-1.7.28.jar;C:\Selenium demo\capstone_project\.allure\allure-2.13.9\bin\..\lib\log4j-1.2.17.jar;C:\Selenium demo\capstone_project\.allure\allure-2.13.9\bin\..\lib\jaxb-api-2.3.1.jar;C:\Selenium demo\capstone_project\.allure\allure-2.13.9\bin\..\lib\httpclient-4.5.9.jar;C:\Selenium demo\capstone_project\.allure\allure-2.13.9\bin\..\lib\tika-core-1.22.jar;C:\Selenium demo\capstone_project\.allure\allure-2.13.9\bin\..\lib\freemarker-2.3.29.jar;C:\Selenium demo\capstone_project\.allure\allure-2.13.9\bin\..\lib\jetty-util-9.4.20.v20190813.jar;C:\Selenium demo\capstone_project\.allure\allure-2.13.9\bin\..\lib\opencsv-4.6.jar;C:\Selenium demo\capstone_project\.allure\allure-2.13.9\bin\..\lib\flexmark-0.50.36.jar;C:\Selenium demo\capstone_project\.allure\allure-2.13.9\bin\..\lib\woodstox-core-5.0.3.jar;C:\Selenium demo\capstone_project\.allure\allure-2.13.9\bin\..\lib\stax2-api-3.1.4.jar;C:\Selenium demo\capstone_project\.allure\allure-2.13.9\bin\..\lib\javax.activation-api-1.2.0.jar;C:\Selenium demo\capstone_project\.allure\allure-2.13.9\bin\..\lib\properties-2.0.RC5.jar;C:\Selenium demo\capstone_project\.allure\allure-2.13.9\bin\..\lib\jaxb-utils-1.0.jar;C:\Selenium demo\capstone_project\.allure\allure-2.13.9\bin\..\lib\httpcore-4.4.11.jar;C:\Selenium demo\capstone_project\.allure\allure-2.13.9\bin\..\lib\commons-beanutils-1.9.3.jar;C:\Selenium demo\capstone_project\.allure\allure-2.13.9\bin\..\lib\commons-logging-1.2.jar;C:\Selenium demo\capstone_project\.allure\allure-2.13.9\bin\..\lib\commons-codec-1.11.jar;C:\Selenium demo\capstone_project\.allure\allure-2.13.9\bin\..\lib\commons-text-1.3.jar;C:\Selenium demo\capstone_project\.allure\allure-2.13.9\bin\..\lib\commons-lang3-3.9.jar;C:\Selenium demo\capstone_project\.allure\allure-2.13.9\bin\..\lib\commons-collections4-4.2.jar;C:\Selenium demo\capstone_project\.allure\allure-2.13.9\bin\..\lib\flexmark-util-0.50.36.jar;C:\Selenium demo\capstone_project\.allure\allure-2.13.9\bin\..\lib\commons-collections-3.2.2.jar;C:\Selenium demo\capstone_project\.allure\allure-2.13.9\bin\..\lib\config
PATH=C:\Program Files\Common Files\Oracle\Java\javapath;C:\Windows\system32;C:\Windows;C:\Windows\System32\Wbem;C:\Windows\System32\WindowsPowerShell\v1.0\;C:\Windows\System32\OpenSSH\;C:\apache-jmeter-5.6.3\bin;C:\Program Files (x86)\Micro Focus\LoadRunner\bin\Silk\Silk Performer 21.0;C:\Program Files\Java\jdk-25\bin;C:\Program Files\Git\cmd;C:\Selenium downloads\apache-maven-3.9.11-bin\apache-maven-3.9.11\bin;C:\Program Files\MySQL\MySQL Shell 8.0\bin\;C:\Users\Administrator\AppData\Local\Microsoft\WindowsApps;C:\Users\Administrator\AppData\Local\GitHubDesktop\bin
USERNAME=Administrator
OS=Windows_NT
PROCESSOR_IDENTIFIER=Intel64 Family 6 Model 79 Stepping 1, GenuineIntel
TMP=C:\Users\ADMINI~1\AppData\Local\Temp
TEMP=C:\Users\ADMINI~1\AppData\Local\Temp




Compilation memory statistics disabled.

Periodic native trim disabled

---------------  S Y S T E M  ---------------

OS:
 Windows 10 , 64 bit Build 19041 (10.0.19041.5915)
OS uptime: 0 days 0:52 hours
VMWare virtualization detected

CPU: total 4 (initial active 4) (2 cores per cpu, 1 threads per core) family 6 model 79 stepping 1 microcode 0xb000040, cx8, cmov, fxsr, mmx, 3dnowpref, sse, sse2, sse3, ssse3, sse4.1, sse4.2, popcnt, lzcnt, tsc, tscinvbit, avx, avx2, aes, erms, clmul, bmi1, bmi2, adx, fma, vzeroupper, clflush, hv, rdtscp, f16c
Processor Information for the first 4 processors :
  Max Mhz: 2200, Current Mhz: 2200, Mhz Limit: 2200

Memory: 4k page, system-wide physical 16382M (11098M free)
TotalPageFile size 18814M (AvailPageFile size 12841M)
current process WorkingSet (physical memory assigned to process): 135M, peak: 155M
current process commit charge ("private bytes"): 172M, peak: 378M

vm_info: Java HotSpot(TM) 64-Bit Server VM (25+37-LTS-3491) for windows-amd64 JRE (25+37-LTS-3491), built on 2025-08-14T21:13:00Z with unknown MS VC++:1943

END.
